\BOOKMARK [0][-]{chapter.1}{Introducci\363n}{}% 1
\BOOKMARK [1][-]{section.1.1}{Contexto hist\363rico de la seguridad}{chapter.1}% 2
\BOOKMARK [1][-]{section.1.2}{Motivaci\363n}{chapter.1}% 3
\BOOKMARK [1][-]{section.1.3}{Objetivos}{chapter.1}% 4
\BOOKMARK [0][-]{chapter.2}{An\341lisis Exploratorio de Datos}{}% 5
\BOOKMARK [1][-]{section.2.1}{T\351cnicas de proyecci\363n}{chapter.2}% 6
\BOOKMARK [1][-]{section.2.2}{An\341lisis de componentes principales PCA}{chapter.2}% 7
\BOOKMARK [1][-]{section.2.3}{M\355nimos cuadrados parciales PLS}{chapter.2}% 8
\BOOKMARK [1][-]{section.2.4}{An\341lisis Exploratorio de Datos Multivariante}{chapter.2}% 9
\BOOKMARK [2][-]{subsection.2.4.1}{MEDA}{section.2.4}% 10
\BOOKMARK [2][-]{subsection.2.4.2}{oMEDA}{section.2.4}% 11
\BOOKMARK [2][-]{subsection.2.4.3}{Score Plots}{section.2.4}% 12
\BOOKMARK [2][-]{subsection.2.4.4}{Loading Plots}{section.2.4}% 13
\BOOKMARK [0][-]{chapter.3}{An\341lisis de grandes conjuntos de datos}{}% 14
\BOOKMARK [1][-]{section.3.1}{\277Qu\351 es Big Data?}{chapter.3}% 15
\BOOKMARK [1][-]{section.3.2}{Limitaciones de los Score Plots para grandes conjuntos de datos}{chapter.3}% 16
\BOOKMARK [1][-]{section.3.3}{Compressed Score Plots}{chapter.3}% 17
\BOOKMARK [2][-]{subsection.3.3.1}{M\351todos de agrupamiento}{section.3.3}% 18
\BOOKMARK [1][-]{section.3.4}{Reducci\363n del tama\361o del problema}{chapter.3}% 19
\BOOKMARK [1][-]{section.3.5}{Ejemplo de an\341lisis Big Data usando MEDA-Toolbox}{chapter.3}% 20
\BOOKMARK [0][-]{chapter.4}{Datos de seguridad en red}{}% 21
\BOOKMARK [1][-]{section.4.1}{Terminolog\355a}{chapter.4}% 22
\BOOKMARK [1][-]{section.4.2}{Datos de seguridad}{chapter.4}% 23
\BOOKMARK [2][-]{subsection.4.2.1}{Series temporales}{section.4.2}% 24
\BOOKMARK [2][-]{subsection.4.2.2}{Datos est\341ticos}{section.4.2}% 25
\BOOKMARK [1][-]{section.4.3}{Problemas comunes}{chapter.4}% 26
\BOOKMARK [2][-]{subsection.4.3.1}{Informaci\363n incompleta}{section.4.3}% 27
\BOOKMARK [2][-]{subsection.4.3.2}{Confusi\363n origen destino}{section.4.3}% 28
\BOOKMARK [1][-]{section.4.4}{Or\355genes de datos}{chapter.4}% 29
\BOOKMARK [1][-]{section.4.5}{Firewall}{chapter.4}% 30
\BOOKMARK [1][-]{section.4.6}{Sistemas de detecci\363n y prevenci\363n de intrusiones}{chapter.4}% 31
\BOOKMARK [1][-]{section.4.7}{An\341lisis de red pasivos}{chapter.4}% 32
\BOOKMARK [1][-]{section.4.8}{Sistemas Operativos}{chapter.4}% 33
\BOOKMARK [1][-]{section.4.9}{Test de pentraci\363n}{chapter.4}% 34
\BOOKMARK [0][-]{chapter.5}{Planificaci\363n y estimaci\363n de costes}{}% 35
\BOOKMARK [1][-]{section.5.1}{Planificaci\363n}{chapter.5}% 36
\BOOKMARK [1][-]{section.5.2}{Recursos}{chapter.5}% 37
\BOOKMARK [2][-]{subsection.5.2.1}{Recursos humanos}{section.5.2}% 38
\BOOKMARK [2][-]{subsection.5.2.2}{Recursos hardware}{section.5.2}% 39
\BOOKMARK [2][-]{subsection.5.2.3}{Recursos software}{section.5.2}% 40
\BOOKMARK [1][-]{section.5.3}{Estimaci\363n de costes}{chapter.5}% 41
\BOOKMARK [2][-]{subsection.5.3.1}{Herramientas hardware y software}{section.5.3}% 42
\BOOKMARK [2][-]{subsection.5.3.2}{Presupuesto}{section.5.3}% 43
\BOOKMARK [0][-]{chapter.6}{GUIDE en Matlab}{}% 44
\BOOKMARK [1][-]{section.6.1}{Componentes del entorno}{chapter.6}% 45
\BOOKMARK [1][-]{section.6.2}{Manejo desde c\363digo}{chapter.6}% 46
\BOOKMARK [1][-]{section.6.3}{Ejemplo sencillo de interfaz con GUIDE}{chapter.6}% 47
\BOOKMARK [0][-]{chapter.7}{An\341lisis y especificaci\363n}{}% 48
\BOOKMARK [1][-]{section.7.1}{Actores}{chapter.7}% 49
\BOOKMARK [2][-]{subsection.7.1.1}{Ficha de descripci\363n de actor}{section.7.1}% 50
\BOOKMARK [1][-]{section.7.2}{Requisitos}{chapter.7}% 51
\BOOKMARK [2][-]{subsection.7.2.1}{Requisitos no funcionales}{section.7.2}% 52
\BOOKMARK [2][-]{subsection.7.2.2}{Requisitos funcionales}{section.7.2}% 53
\BOOKMARK [2][-]{subsection.7.2.3}{Requisitos de informaci\363n}{section.7.2}% 54
\BOOKMARK [1][-]{section.7.3}{Casos de uso}{chapter.7}% 55
\BOOKMARK [2][-]{subsection.7.3.1}{Fichas de descripci\363n de los casos de uso}{section.7.3}% 56
\BOOKMARK [2][-]{subsection.7.3.2}{Curso normal de los casos de uso}{section.7.3}% 57
\BOOKMARK [2][-]{subsection.7.3.3}{Cursos alternos de los casos de uso}{section.7.3}% 58
\BOOKMARK [2][-]{subsection.7.3.4}{Diagramas de casos de uso}{section.7.3}% 59
\BOOKMARK [1][-]{section.7.4}{Diagrama de paquetes}{chapter.7}% 60
\BOOKMARK [1][-]{section.7.5}{Diagramas de actividad}{chapter.7}% 61
\BOOKMARK [0][-]{chapter.8}{Dise\361o}{}% 62
\BOOKMARK [1][-]{section.8.1}{Herramientas a utilizar}{chapter.8}% 63
\BOOKMARK [1][-]{section.8.2}{Dise\361o de la interfaz}{chapter.8}% 64
\BOOKMARK [1][-]{section.8.3}{Dise\361o de la arquitectura}{chapter.8}% 65
\BOOKMARK [1][-]{section.8.4}{Dise\361o de los ficheros de c\363digo}{chapter.8}% 66
\BOOKMARK [1][-]{section.8.5}{Dise\361o de los ficheros de datos para las pruebas}{chapter.8}% 67
\BOOKMARK [0][-]{chapter.9}{Implementaci\363n}{}% 68
\BOOKMARK [1][-]{section.9.1}{Implementaci\363n de la interfaz gr\341fica}{chapter.9}% 69
\BOOKMARK [1][-]{section.9.2}{C\363digo desarrollado}{chapter.9}% 70
\BOOKMARK [0][-]{chapter.10}{Caso de estudio}{}% 71
\BOOKMARK [0][-]{chapter.11}{Conclusiones y trabajo futuro}{}% 72
\BOOKMARK [1][-]{section.11.1}{Conclusiones}{chapter.11}% 73
\BOOKMARK [1][-]{section.11.2}{Trabajo futuro}{chapter.11}% 74
\BOOKMARK [2][-]{subsection.11.2.1}{Mejoras para la detecci\363n de anomal\355as}{section.11.2}% 75
\BOOKMARK [2][-]{subsection.11.2.2}{Mejoras para MEDA Toolbox}{section.11.2}% 76
\BOOKMARK [0][-]{chapter*.8}{Bibliograf\355a}{}% 77
\BOOKMARK [1][-]{subsection.11.2.3}{Art\355culos, libros y trabajos}{chapter*.8}% 78
\BOOKMARK [2][-]{subsection.11.2.4}{Enlaces de inter\351s}{subsection.11.2.3}% 79
\BOOKMARK [0][-]{appendix.Alph1}{Manual de usuario}{}% 80
\BOOKMARK [1][-]{section.Alph1.1}{Ejemplo de uso}{appendix.Alph1}% 81
\BOOKMARK [1][-]{section.Alph1.2}{Fallos comunes}{appendix.Alph1}% 82
\BOOKMARK [2][-]{subsection.Alph1.2.1}{Mensajes de error}{section.Alph1.2}% 83
\BOOKMARK [2][-]{subsection.Alph1.2.2}{Problemas t\355picos}{section.Alph1.2}% 84
