This is pdfTeX, Version 3.1415926-2.5-1.40.14 (MiKTeX 2.9) (preloaded format=pdflatex 2015.8.13)  8 SEP 2015 11:04
entering extended mode
**proyecto.tex
("F:\TFG\documento final LATEX\proyecto.tex"
LaTeX2e <2011/06/27>
Babel <v3.8m> and hyphenation patterns for english, afrikaans, ancientgreek, ar
abic, armenian, assamese, basque, bengali, bokmal, bulgarian, catalan, coptic, 
croatian, czech, danish, dutch, esperanto, estonian, farsi, finnish, french, ga
lician, german, german-x-2013-05-26, greek, gujarati, hindi, hungarian, iceland
ic, indonesian, interlingua, irish, italian, kannada, kurmanji, latin, latvian,
 lithuanian, malayalam, marathi, mongolian, mongolianlmc, monogreek, ngerman, n
german-x-2013-05-26, nynorsk, oriya, panjabi, pinyin, polish, portuguese, roman
ian, russian, sanskrit, serbian, slovak, slovenian, spanish, swedish, swissgerm
an, tamil, telugu, turkish, turkmen, ukenglish, ukrainian, uppersorbian, usengl
ishmax, welsh, loaded.
(E:\MiKTeX\tex\latex\base\book.cls
Document Class: book 2007/10/19 v1.4h Standard LaTeX document class
(E:\MiKTeX\tex\latex\base\bk11.clo
File: bk11.clo 2007/10/19 v1.4h Standard LaTeX file (size option)
)
\c@part=\count79
\c@chapter=\count80
\c@section=\count81
\c@subsection=\count82
\c@subsubsection=\count83
\c@paragraph=\count84
\c@subparagraph=\count85
\c@figure=\count86
\c@table=\count87
\abovecaptionskip=\skip41
\belowcaptionskip=\skip42
\bibindent=\dimen102
) (E:\MiKTeX\tex\latex\listings\listings.sty (E:\MiKTeX\tex\latex\graphics\keyv
al.sty
Package: keyval 1999/03/16 v1.13 key=value parser (DPC)
\KV@toks@=\toks14
)
\lst@mode=\count88
\lst@gtempboxa=\box26
\lst@token=\toks15
\lst@length=\count89
\lst@currlwidth=\dimen103
\lst@column=\count90
\lst@pos=\count91
\lst@lostspace=\dimen104
\lst@width=\dimen105
\lst@newlines=\count92
\lst@lineno=\count93
\lst@maxwidth=\dimen106

(E:\MiKTeX\tex\latex\listings\lstmisc.sty
File: lstmisc.sty 2015/06/04 1.6 (Carsten Heinz)
\c@lstnumber=\count94
\lst@skipnumbers=\count95
\lst@framebox=\box27
)
(E:\MiKTeX\tex\latex\listings\listings.cfg
File: listings.cfg 2015/06/04 1.6 listings configuration
))
Package: listings 2015/06/04 1.6 (Carsten Heinz)

(E:\MiKTeX\tex\latex\base\inputenc.sty
Package: inputenc 2008/03/30 v1.1d Input encoding file
\inpenc@prehook=\toks16
\inpenc@posthook=\toks17
 (E:\MiKTeX\tex\latex\base\utf8.def
File: utf8.def 2008/04/05 v1.1m UTF-8 support for inputenc
Now handling font encoding OML ...
... no UTF-8 mapping file for font encoding OML
Now handling font encoding T1 ...
... processing UTF-8 mapping file for font encoding T1

(E:\MiKTeX\tex\latex\base\t1enc.dfu
File: t1enc.dfu 2008/04/05 v1.1m UTF-8 support for inputenc
   defining Unicode char U+00A1 (decimal 161)
   defining Unicode char U+00A3 (decimal 163)
   defining Unicode char U+00AB (decimal 171)
   defining Unicode char U+00BB (decimal 187)
   defining Unicode char U+00BF (decimal 191)
   defining Unicode char U+00C0 (decimal 192)
   defining Unicode char U+00C1 (decimal 193)
   defining Unicode char U+00C2 (decimal 194)
   defining Unicode char U+00C3 (decimal 195)
   defining Unicode char U+00C4 (decimal 196)
   defining Unicode char U+00C5 (decimal 197)
   defining Unicode char U+00C6 (decimal 198)
   defining Unicode char U+00C7 (decimal 199)
   defining Unicode char U+00C8 (decimal 200)
   defining Unicode char U+00C9 (decimal 201)
   defining Unicode char U+00CA (decimal 202)
   defining Unicode char U+00CB (decimal 203)
   defining Unicode char U+00CC (decimal 204)
   defining Unicode char U+00CD (decimal 205)
   defining Unicode char U+00CE (decimal 206)
   defining Unicode char U+00CF (decimal 207)
   defining Unicode char U+00D0 (decimal 208)
   defining Unicode char U+00D1 (decimal 209)
   defining Unicode char U+00D2 (decimal 210)
   defining Unicode char U+00D3 (decimal 211)
   defining Unicode char U+00D4 (decimal 212)
   defining Unicode char U+00D5 (decimal 213)
   defining Unicode char U+00D6 (decimal 214)
   defining Unicode char U+00D8 (decimal 216)
   defining Unicode char U+00D9 (decimal 217)
   defining Unicode char U+00DA (decimal 218)
   defining Unicode char U+00DB (decimal 219)
   defining Unicode char U+00DC (decimal 220)
   defining Unicode char U+00DD (decimal 221)
   defining Unicode char U+00DE (decimal 222)
   defining Unicode char U+00DF (decimal 223)
   defining Unicode char U+00E0 (decimal 224)
   defining Unicode char U+00E1 (decimal 225)
   defining Unicode char U+00E2 (decimal 226)
   defining Unicode char U+00E3 (decimal 227)
   defining Unicode char U+00E4 (decimal 228)
   defining Unicode char U+00E5 (decimal 229)
   defining Unicode char U+00E6 (decimal 230)
   defining Unicode char U+00E7 (decimal 231)
   defining Unicode char U+00E8 (decimal 232)
   defining Unicode char U+00E9 (decimal 233)
   defining Unicode char U+00EA (decimal 234)
   defining Unicode char U+00EB (decimal 235)
   defining Unicode char U+00EC (decimal 236)
   defining Unicode char U+00ED (decimal 237)
   defining Unicode char U+00EE (decimal 238)
   defining Unicode char U+00EF (decimal 239)
   defining Unicode char U+00F0 (decimal 240)
   defining Unicode char U+00F1 (decimal 241)
   defining Unicode char U+00F2 (decimal 242)
   defining Unicode char U+00F3 (decimal 243)
   defining Unicode char U+00F4 (decimal 244)
   defining Unicode char U+00F5 (decimal 245)
   defining Unicode char U+00F6 (decimal 246)
   defining Unicode char U+00F8 (decimal 248)
   defining Unicode char U+00F9 (decimal 249)
   defining Unicode char U+00FA (decimal 250)
   defining Unicode char U+00FB (decimal 251)
   defining Unicode char U+00FC (decimal 252)
   defining Unicode char U+00FD (decimal 253)
   defining Unicode char U+00FE (decimal 254)
   defining Unicode char U+00FF (decimal 255)
   defining Unicode char U+0102 (decimal 258)
   defining Unicode char U+0103 (decimal 259)
   defining Unicode char U+0104 (decimal 260)
   defining Unicode char U+0105 (decimal 261)
   defining Unicode char U+0106 (decimal 262)
   defining Unicode char U+0107 (decimal 263)
   defining Unicode char U+010C (decimal 268)
   defining Unicode char U+010D (decimal 269)
   defining Unicode char U+010E (decimal 270)
   defining Unicode char U+010F (decimal 271)
   defining Unicode char U+0110 (decimal 272)
   defining Unicode char U+0111 (decimal 273)
   defining Unicode char U+0118 (decimal 280)
   defining Unicode char U+0119 (decimal 281)
   defining Unicode char U+011A (decimal 282)
   defining Unicode char U+011B (decimal 283)
   defining Unicode char U+011E (decimal 286)
   defining Unicode char U+011F (decimal 287)
   defining Unicode char U+0130 (decimal 304)
   defining Unicode char U+0131 (decimal 305)
   defining Unicode char U+0132 (decimal 306)
   defining Unicode char U+0133 (decimal 307)
   defining Unicode char U+0139 (decimal 313)
   defining Unicode char U+013A (decimal 314)
   defining Unicode char U+013D (decimal 317)
   defining Unicode char U+013E (decimal 318)
   defining Unicode char U+0141 (decimal 321)
   defining Unicode char U+0142 (decimal 322)
   defining Unicode char U+0143 (decimal 323)
   defining Unicode char U+0144 (decimal 324)
   defining Unicode char U+0147 (decimal 327)
   defining Unicode char U+0148 (decimal 328)
   defining Unicode char U+014A (decimal 330)
   defining Unicode char U+014B (decimal 331)
   defining Unicode char U+0150 (decimal 336)
   defining Unicode char U+0151 (decimal 337)
   defining Unicode char U+0152 (decimal 338)
   defining Unicode char U+0153 (decimal 339)
   defining Unicode char U+0154 (decimal 340)
   defining Unicode char U+0155 (decimal 341)
   defining Unicode char U+0158 (decimal 344)
   defining Unicode char U+0159 (decimal 345)
   defining Unicode char U+015A (decimal 346)
   defining Unicode char U+015B (decimal 347)
   defining Unicode char U+015E (decimal 350)
   defining Unicode char U+015F (decimal 351)
   defining Unicode char U+0160 (decimal 352)
   defining Unicode char U+0161 (decimal 353)
   defining Unicode char U+0162 (decimal 354)
   defining Unicode char U+0163 (decimal 355)
   defining Unicode char U+0164 (decimal 356)
   defining Unicode char U+0165 (decimal 357)
   defining Unicode char U+016E (decimal 366)
   defining Unicode char U+016F (decimal 367)
   defining Unicode char U+0170 (decimal 368)
   defining Unicode char U+0171 (decimal 369)
   defining Unicode char U+0178 (decimal 376)
   defining Unicode char U+0179 (decimal 377)
   defining Unicode char U+017A (decimal 378)
   defining Unicode char U+017B (decimal 379)
   defining Unicode char U+017C (decimal 380)
   defining Unicode char U+017D (decimal 381)
   defining Unicode char U+017E (decimal 382)
   defining Unicode char U+200C (decimal 8204)
   defining Unicode char U+2013 (decimal 8211)
   defining Unicode char U+2014 (decimal 8212)
   defining Unicode char U+2018 (decimal 8216)
   defining Unicode char U+2019 (decimal 8217)
   defining Unicode char U+201A (decimal 8218)
   defining Unicode char U+201C (decimal 8220)
   defining Unicode char U+201D (decimal 8221)
   defining Unicode char U+201E (decimal 8222)
   defining Unicode char U+2030 (decimal 8240)
   defining Unicode char U+2031 (decimal 8241)
   defining Unicode char U+2039 (decimal 8249)
   defining Unicode char U+203A (decimal 8250)
   defining Unicode char U+2423 (decimal 9251)
)
Now handling font encoding OT1 ...
... processing UTF-8 mapping file for font encoding OT1
 (E:\MiKTeX\tex\latex\base\ot1enc.dfu
File: ot1enc.dfu 2008/04/05 v1.1m UTF-8 support for inputenc
   defining Unicode char U+00A1 (decimal 161)
   defining Unicode char U+00A3 (decimal 163)
   defining Unicode char U+00B8 (decimal 184)
   defining Unicode char U+00BF (decimal 191)
   defining Unicode char U+00C5 (decimal 197)
   defining Unicode char U+00C6 (decimal 198)
   defining Unicode char U+00D8 (decimal 216)
   defining Unicode char U+00DF (decimal 223)
   defining Unicode char U+00E6 (decimal 230)
   defining Unicode char U+00EC (decimal 236)
   defining Unicode char U+00ED (decimal 237)
   defining Unicode char U+00EE (decimal 238)
   defining Unicode char U+00EF (decimal 239)
   defining Unicode char U+00F8 (decimal 248)
   defining Unicode char U+0131 (decimal 305)
   defining Unicode char U+0141 (decimal 321)
   defining Unicode char U+0142 (decimal 322)
   defining Unicode char U+0152 (decimal 338)
   defining Unicode char U+0153 (decimal 339)
   defining Unicode char U+2013 (decimal 8211)
   defining Unicode char U+2014 (decimal 8212)
   defining Unicode char U+2018 (decimal 8216)
   defining Unicode char U+2019 (decimal 8217)
   defining Unicode char U+201C (decimal 8220)
   defining Unicode char U+201D (decimal 8221)
)
Now handling font encoding OMS ...
... processing UTF-8 mapping file for font encoding OMS

(E:\MiKTeX\tex\latex\base\omsenc.dfu
File: omsenc.dfu 2008/04/05 v1.1m UTF-8 support for inputenc
   defining Unicode char U+00A7 (decimal 167)
   defining Unicode char U+00B6 (decimal 182)
   defining Unicode char U+00B7 (decimal 183)
   defining Unicode char U+2020 (decimal 8224)
   defining Unicode char U+2021 (decimal 8225)
   defining Unicode char U+2022 (decimal 8226)
)
Now handling font encoding OMX ...
... no UTF-8 mapping file for font encoding OMX
Now handling font encoding U ...
... no UTF-8 mapping file for font encoding U
   defining Unicode char U+00A9 (decimal 169)
   defining Unicode char U+00AA (decimal 170)
   defining Unicode char U+00AE (decimal 174)
   defining Unicode char U+00BA (decimal 186)
   defining Unicode char U+02C6 (decimal 710)
   defining Unicode char U+02DC (decimal 732)
   defining Unicode char U+200C (decimal 8204)
   defining Unicode char U+2026 (decimal 8230)
   defining Unicode char U+2122 (decimal 8482)
   defining Unicode char U+2423 (decimal 9251)
)) (E:\MiKTeX\tex\generic\babel\babel.sty
Package: babel 2008/07/08 v3.8m The Babel package

*************************************
* Local config file bblopts.cfg used
*
(E:\MiKTeX\tex\latex\00miktex\bblopts.cfg
File: bblopts.cfg 2006/07/31 v1.0 MiKTeX 'babel' configuration
)
(E:\MiKTeX\tex\generic\babel\english.ldf
Language: english 2005/03/30 v3.3o English support from the babel system
 (E:\MiKTeX\tex\generic\babel\babel.def
File: babel.def 2008/07/08 v3.8m Babel common definitions
\babel@savecnt=\count96
\U@D=\dimen107
)
\l@canadian = a dialect from \language\l@american 
\l@australian = a dialect from \language\l@british 
\l@newzealand = a dialect from \language\l@british 
) (E:\MiKTeX\tex\generic\babel\spanish.ldf
Language: spanish.ldf 2009/01/02 v5.0h Spanish support from the babel system
\es@datefmt=\count97
\es@quottoks=\toks18
\es@quotdepth=\count98
Package babel Info: Making " an active character on input line 492.
Package babel Info: Making . an active character on input line 585.
Package babel Info: Making < an active character on input line 630.
Package babel Info: Making > an active character on input line 630.
))
(E:\MiKTeX\tex\latex\multirow\multirow.sty
\bigstrutjot=\dimen108
)
(E:\MiKTeX\tex\latex\float\float.sty
Package: float 2001/11/08 v1.3d Float enhancements (AL)
\c@float@type=\count99
\float@exts=\toks19
\float@box=\box28
\@float@everytoks=\toks20
\@floatcapt=\box29
)
(E:\MiKTeX\tex\latex\subfigure\subfigure.sty
Package: subfigure 2002/07/30 v2.1.4 subfigure package
\subfigtopskip=\skip43
\subfigcapskip=\skip44
\subfigcaptopadj=\dimen109
\subfigbottomskip=\skip45
\subfigcapmargin=\dimen110
\subfiglabelskip=\skip46
\c@subfigure=\count100
\c@lofdepth=\count101
\c@subtable=\count102
\c@lotdepth=\count103

****************************************
* Local config file subfigure.cfg used *
****************************************
(E:\MiKTeX\tex\latex\subfigure\subfigure.cfg)
\subfig@top=\skip47
\subfig@bottom=\skip48
)
(E:\MiKTeX\tex\latex\graphics\lscape.sty
Package: lscape 2000/10/22 v3.01 Landscape Pages (DPC)

(E:\MiKTeX\tex\latex\graphics\graphics.sty
Package: graphics 2009/02/05 v1.0o Standard LaTeX Graphics (DPC,SPQR)

(E:\MiKTeX\tex\latex\graphics\trig.sty
Package: trig 1999/03/16 v1.09 sin cos tan (DPC)
)
(E:\MiKTeX\tex\latex\00miktex\graphics.cfg
File: graphics.cfg 2007/01/18 v1.5 graphics configuration of teTeX/TeXLive
)
Package graphics Info: Driver file: pdftex.def on input line 91.

(E:\MiKTeX\tex\latex\pdftex-def\pdftex.def
File: pdftex.def 2011/05/27 v0.06d Graphics/color for pdfTeX

(E:\MiKTeX\tex\generic\oberdiek\infwarerr.sty
Package: infwarerr 2010/04/08 v1.3 Providing info/warning/error messages (HO)
)
(E:\MiKTeX\tex\generic\oberdiek\ltxcmds.sty
Package: ltxcmds 2011/11/09 v1.22 LaTeX kernel commands for general use (HO)
)
\Gread@gobject=\count104
)))
(E:\MiKTeX\tex\latex\amsfonts\amssymb.sty
Package: amssymb 2013/01/14 v3.01 AMS font symbols

(E:\MiKTeX\tex\latex\amsfonts\amsfonts.sty
Package: amsfonts 2013/01/14 v3.01 Basic AMSFonts support
\@emptytoks=\toks21
\symAMSa=\mathgroup4
\symAMSb=\mathgroup5
LaTeX Font Info:    Overwriting math alphabet `\mathfrak' in version `bold'
(Font)                  U/euf/m/n --> U/euf/b/n on input line 106.
))
(E:\MiKTeX\tex\latex\amsmath\amsmath.sty
Package: amsmath 2013/01/14 v2.14 AMS math features
\@mathmargin=\skip49

For additional information on amsmath, use the `?' option.
(E:\MiKTeX\tex\latex\amsmath\amstext.sty
Package: amstext 2000/06/29 v2.01

(E:\MiKTeX\tex\latex\amsmath\amsgen.sty
File: amsgen.sty 1999/11/30 v2.0
\@emptytoks=\toks22
\ex@=\dimen111
))
(E:\MiKTeX\tex\latex\amsmath\amsbsy.sty
Package: amsbsy 1999/11/29 v1.2d
\pmbraise@=\dimen112
)
(E:\MiKTeX\tex\latex\amsmath\amsopn.sty
Package: amsopn 1999/12/14 v2.01 operator names
)
\inf@bad=\count105
LaTeX Info: Redefining \frac on input line 210.
\uproot@=\count106
\leftroot@=\count107
LaTeX Info: Redefining \overline on input line 306.
\classnum@=\count108
\DOTSCASE@=\count109
LaTeX Info: Redefining \ldots on input line 378.
LaTeX Info: Redefining \dots on input line 381.
LaTeX Info: Redefining \cdots on input line 466.
\Mathstrutbox@=\box30
\strutbox@=\box31
\big@size=\dimen113
LaTeX Font Info:    Redeclaring font encoding OML on input line 566.
LaTeX Font Info:    Redeclaring font encoding OMS on input line 567.
\macc@depth=\count110
\c@MaxMatrixCols=\count111
\dotsspace@=\muskip10
\c@parentequation=\count112
\dspbrk@lvl=\count113
\tag@help=\toks23
\row@=\count114
\column@=\count115
\maxfields@=\count116
\andhelp@=\toks24
\eqnshift@=\dimen114
\alignsep@=\dimen115
\tagshift@=\dimen116
\tagwidth@=\dimen117
\totwidth@=\dimen118
\lineht@=\dimen119
\@envbody=\toks25
\multlinegap=\skip50
\multlinetaggap=\skip51
\mathdisplay@stack=\toks26
LaTeX Info: Redefining \[ on input line 2665.
LaTeX Info: Redefining \] on input line 2666.
)
(E:\MiKTeX\tex\latex\tools\dcolumn.sty
Package: dcolumn 2001/05/28 v1.06 decimal alignment package (DPC)
 (E:\MiKTeX\tex\latex\tools\array.sty
Package: array 2008/09/09 v2.4c Tabular extension package (FMi)
\col@sep=\dimen120
\extrarowheight=\dimen121
\NC@list=\toks27
\extratabsurround=\skip52
\backup@length=\skip53
))
(E:\MiKTeX\tex\latex\tools\verbatim.sty
Package: verbatim 2003/08/22 v1.5q LaTeX2e package for verbatim enhancements
\every@verbatim=\toks28
\verbatim@line=\toks29
\verbatim@in@stream=\read1
)
(E:\MiKTeX\tex\latex\fancyhdr\fancyhdr.sty
\fancy@headwidth=\skip54
\f@ncyO@elh=\skip55
\f@ncyO@erh=\skip56
\f@ncyO@olh=\skip57
\f@ncyO@orh=\skip58
\f@ncyO@elf=\skip59
\f@ncyO@erf=\skip60
\f@ncyO@olf=\skip61
\f@ncyO@orf=\skip62
)
(E:\MiKTeX\tex\latex\graphics\graphicx.sty
Package: graphicx 1999/02/16 v1.0f Enhanced LaTeX Graphics (DPC,SPQR)
\Gin@req@height=\dimen122
\Gin@req@width=\dimen123
)
(E:\MiKTeX\tex\latex\tools\afterpage.sty
Package: afterpage 1995/10/27 v1.08 After-Page Package (DPC)
\AP@output=\toks30
\AP@partial=\box32
\AP@footins=\box33
)
(E:\MiKTeX\tex\latex\tools\longtable.sty
Package: longtable 2004/02/01 v4.11 Multi-page Table package (DPC)
\LTleft=\skip63
\LTright=\skip64
\LTpre=\skip65
\LTpost=\skip66
\LTchunksize=\count117
\LTcapwidth=\dimen124
\LT@head=\box34
\LT@firsthead=\box35
\LT@foot=\box36
\LT@lastfoot=\box37
\LT@cols=\count118
\LT@rows=\count119
\c@LT@tables=\count120
\c@LT@chunks=\count121
\LT@p@ftn=\toks31
)
(E:\MiKTeX\tex\latex\hyperref\hyperref.sty
Package: hyperref 2012/11/06 v6.83m Hypertext links for LaTeX

(E:\MiKTeX\tex\generic\oberdiek\hobsub-hyperref.sty
Package: hobsub-hyperref 2012/04/25 v1.12 Bundle oberdiek, subset hyperref (HO)


(E:\MiKTeX\tex\generic\oberdiek\hobsub-generic.sty
Package: hobsub-generic 2012/04/25 v1.12 Bundle oberdiek, subset generic (HO)
Package: hobsub 2012/04/25 v1.12 Construct package bundles (HO)
Package hobsub Info: Skipping package `infwarerr' (already loaded).
Package hobsub Info: Skipping package `ltxcmds' (already loaded).
Package: ifluatex 2010/03/01 v1.3 Provides the ifluatex switch (HO)
Package ifluatex Info: LuaTeX not detected.
Package: ifvtex 2010/03/01 v1.5 Detect VTeX and its facilities (HO)
Package ifvtex Info: VTeX not detected.
Package: intcalc 2007/09/27 v1.1 Expandable calculations with integers (HO)
Package: ifpdf 2011/01/30 v2.3 Provides the ifpdf switch (HO)
Package ifpdf Info: pdfTeX in PDF mode is detected.
Package: etexcmds 2011/02/16 v1.5 Avoid name clashes with e-TeX commands (HO)
Package etexcmds Info: Could not find \expanded.
(etexcmds)             That can mean that you are not using pdfTeX 1.50 or
(etexcmds)             that some package has redefined \expanded.
(etexcmds)             In the latter case, load this package earlier.
Package: kvsetkeys 2012/04/25 v1.16 Key value parser (HO)
Package: kvdefinekeys 2011/04/07 v1.3 Define keys (HO)
Package: pdftexcmds 2011/11/29 v0.20 Utility functions of pdfTeX for LuaTeX (HO
)
Package pdftexcmds Info: LuaTeX not detected.
Package pdftexcmds Info: \pdf@primitive is available.
Package pdftexcmds Info: \pdf@ifprimitive is available.
Package pdftexcmds Info: \pdfdraftmode found.
Package: pdfescape 2011/11/25 v1.13 Implements pdfTeX's escape features (HO)
Package: bigintcalc 2012/04/08 v1.3 Expandable calculations on big integers (HO
)
Package: bitset 2011/01/30 v1.1 Handle bit-vector datatype (HO)
Package: uniquecounter 2011/01/30 v1.2 Provide unlimited unique counter (HO)
)
Package hobsub Info: Skipping package `hobsub' (already loaded).
Package: letltxmacro 2010/09/02 v1.4 Let assignment for LaTeX macros (HO)
Package: hopatch 2011/06/24 v1.1 Wrapper for package hooks (HO)
Package: xcolor-patch 2011/01/30 xcolor patch
Package: atveryend 2011/06/30 v1.8 Hooks at the very end of document (HO)
Package atveryend Info: \AP@enddocument detected (standard20110627).
Package: atbegshi 2011/10/05 v1.16 At begin shipout hook (HO)
Package: refcount 2011/10/16 v3.4 Data extraction from label references (HO)
Package: hycolor 2011/01/30 v1.7 Color options for hyperref/bookmark (HO)
)
(E:\MiKTeX\tex\generic\ifxetex\ifxetex.sty
Package: ifxetex 2010/09/12 v0.6 Provides ifxetex conditional
)
(E:\MiKTeX\tex\latex\oberdiek\auxhook.sty
Package: auxhook 2011/03/04 v1.3 Hooks for auxiliary files (HO)
)
(E:\MiKTeX\tex\latex\oberdiek\kvoptions.sty
Package: kvoptions 2011/06/30 v3.11 Key value format for package options (HO)
)
\@linkdim=\dimen125
\Hy@linkcounter=\count122
\Hy@pagecounter=\count123

(E:\MiKTeX\tex\latex\hyperref\pd1enc.def
File: pd1enc.def 2012/11/06 v6.83m Hyperref: PDFDocEncoding definition (HO)
Now handling font encoding PD1 ...
... no UTF-8 mapping file for font encoding PD1
)
\Hy@SavedSpaceFactor=\count124

(E:\MiKTeX\tex\latex\00miktex\hyperref.cfg
File: hyperref.cfg 2002/06/06 v1.2 hyperref configuration of TeXLive
)

Package hyperref Warning: Invalid value `000'
(hyperref)                for option `pdfborder'.
(hyperref)                Option setting is ignored on input line 4319.

Package hyperref Info: Hyper figures OFF on input line 4443.
Package hyperref Info: Link nesting OFF on input line 4448.
Package hyperref Info: Hyper index ON on input line 4451.
Package hyperref Info: Plain pages OFF on input line 4458.
Package hyperref Info: Backreferencing OFF on input line 4463.
Package hyperref Info: Implicit mode ON; LaTeX internals redefined.
Package hyperref Info: Bookmarks ON on input line 4688.
\c@Hy@tempcnt=\count125
(E:\MiKTeX\tex\latex\url\url.sty
\Urlmuskip=\muskip11
Package: url 2013/09/16  ver 3.4  Verb mode for urls, etc.
)
LaTeX Info: Redefining \url on input line 5041.
\XeTeXLinkMargin=\dimen126
\Fld@menulength=\count126
\Field@Width=\dimen127
\Fld@charsize=\dimen128
Package hyperref Info: Hyper figures OFF on input line 6295.
Package hyperref Info: Link nesting OFF on input line 6300.
Package hyperref Info: Hyper index ON on input line 6303.
Package hyperref Info: backreferencing OFF on input line 6310.
Package hyperref Info: Link coloring OFF on input line 6315.
Package hyperref Info: Link coloring with OCG OFF on input line 6320.
Package hyperref Info: PDF/A mode OFF on input line 6325.
LaTeX Info: Redefining \ref on input line 6365.
LaTeX Info: Redefining \pageref on input line 6369.
\Hy@abspage=\count127
\c@Item=\count128
\c@Hfootnote=\count129
)

Package hyperref Message: Driver (autodetected): hpdftex.

(E:\MiKTeX\tex\latex\hyperref\hpdftex.def
File: hpdftex.def 2012/11/06 v6.83m Hyperref driver for pdfTeX
\Fld@listcount=\count130
\c@bookmark@seq@number=\count131

(E:\MiKTeX\tex\latex\oberdiek\rerunfilecheck.sty
Package: rerunfilecheck 2011/04/15 v1.7 Rerun checks for auxiliary files (HO)
Package uniquecounter Info: New unique counter `rerunfilecheck' on input line 2
82.
)
\Hy@SectionHShift=\skip67
)
(E:\MiKTeX\tex\latex\colortbl\colortbl.sty
Package: colortbl 2012/02/13 v1.0a Color table columns (DPC)

(E:\MiKTeX\tex\latex\graphics\color.sty
Package: color 2005/11/14 v1.0j Standard LaTeX Color (DPC)
 (E:\MiKTeX\tex\latex\00miktex\color.cfg
File: color.cfg 2007/01/18 v1.5 color configuration of teTeX/TeXLive
)
Package color Info: Driver file: pdftex.def on input line 130.
)
\everycr=\toks32
\minrowclearance=\skip68
) (E:\MiKTeX\tex\latex\footmisc\footmisc.sty
Package: footmisc 2011/06/06 v5.5b a miscellany of footnote facilities
\FN@temptoken=\toks33
\footnotemargin=\dimen129
\c@pp@next@reset=\count132
Package footmisc Info: Declaring symbol style bringhurst on input line 855.
Package footmisc Info: Declaring symbol style chicago on input line 863.
Package footmisc Info: Declaring symbol style wiley on input line 872.
Package footmisc Info: Declaring symbol style lamport-robust on input line 883.

Package footmisc Info: Declaring symbol style lamport* on input line 903.
Package footmisc Info: Declaring symbol style lamport*-robust on input line 924
.
)
\c@teorema=\count133
\c@ejemplo=\count134
\c@definicion=\count135

(E:\MiKTeX\tex\latex\pdfpages\pdfpages.sty
Package: pdfpages 2015/07/19 v0.5a Insert pages of external PDF documents (AM)
 (E:\MiKTeX\tex\latex\base\ifthen.sty
Package: ifthen 2001/05/26 v1.1c Standard LaTeX ifthen package (DPC)
) (E:\MiKTeX\tex\latex\tools\calc.sty
Package: calc 2007/08/22 v4.3 Infix arithmetic (KKT,FJ)
\calc@Acount=\count136
\calc@Bcount=\count137
\calc@Adimen=\dimen130
\calc@Bdimen=\dimen131
\calc@Askip=\skip69
\calc@Bskip=\skip70
LaTeX Info: Redefining \setlength on input line 76.
LaTeX Info: Redefining \addtolength on input line 77.
\calc@Ccount=\count138
\calc@Cskip=\skip71
) (E:\MiKTeX\tex\latex\eso-pic\eso-pic.sty
Package: eso-pic 2015/07/21 v2.0g eso-pic (RN)
)
\AM@pagewidth=\dimen132
\AM@pageheight=\dimen133
 (E:\MiKTeX\tex\latex\pdfpages\pppdftex.def
File: pppdftex.def 2015/07/19 v0.5a Pdfpages driver for pdfTeX (AM)
)
(E:\MiKTeX\tex\latex\oberdiek\pdflscape.sty
Package: pdflscape 2008/08/11 v0.10 Display of landscape pages in PDF (HO)
Package pdflscape Info: Auto-detected driver: pdftex on input line 80.
)
\AM@pagebox=\box38
\AM@toc@title=\toks34
\c@AM@survey=\count139
\AM@templatesizebox=\box39
)
("F:\TFG\documento final LATEX\proyecto.aux")
LaTeX Font Info:    Checking defaults for OML/cmm/m/it on input line 156.
LaTeX Font Info:    ... okay on input line 156.
LaTeX Font Info:    Checking defaults for T1/cmr/m/n on input line 156.
LaTeX Font Info:    ... okay on input line 156.
LaTeX Font Info:    Checking defaults for OT1/cmr/m/n on input line 156.
LaTeX Font Info:    ... okay on input line 156.
LaTeX Font Info:    Checking defaults for OMS/cmsy/m/n on input line 156.
LaTeX Font Info:    ... okay on input line 156.
LaTeX Font Info:    Checking defaults for OMX/cmex/m/n on input line 156.
LaTeX Font Info:    ... okay on input line 156.
LaTeX Font Info:    Checking defaults for U/cmr/m/n on input line 156.
LaTeX Font Info:    ... okay on input line 156.
LaTeX Font Info:    Checking defaults for PD1/pdf/m/n on input line 156.
LaTeX Font Info:    ... okay on input line 156.
\c@lstlisting=\count140

(E:\MiKTeX\tex\context\base\supp-pdf.mkii
[Loading MPS to PDF converter (version 2006.09.02).]
\scratchcounter=\count141
\scratchdimen=\dimen134
\scratchbox=\box40
\nofMPsegments=\count142
\nofMParguments=\count143
\everyMPshowfont=\toks35
\MPscratchCnt=\count144
\MPscratchDim=\dimen135
\MPnumerator=\count145
\makeMPintoPDFobject=\count146
\everyMPtoPDFconversion=\toks36
)
\AtBeginShipoutBox=\box41
Package hyperref Info: Link coloring OFF on input line 156.
 (E:\MiKTeX\tex\latex\hyperref\nameref.sty
Package: nameref 2012/10/27 v2.43 Cross-referencing by name of section

(E:\MiKTeX\tex\generic\oberdiek\gettitlestring.sty
Package: gettitlestring 2010/12/03 v1.4 Cleanup title references (HO)
)
\c@section@level=\count147
)
LaTeX Info: Redefining \ref on input line 156.
LaTeX Info: Redefining \pageref on input line 156.
LaTeX Info: Redefining \nameref on input line 156.

("F:\TFG\documento final LATEX\proyecto.out")
("F:\TFG\documento final LATEX\proyecto.out")
\@outlinefile=\write3

("F:\TFG\documento final LATEX\portada/portada.tex"
\centeroffset=\skip72

<imagenes/logo_ugr.jpg, id=339, 777.90625pt x 231.86626pt>
File: imagenes/logo_ugr.jpg Graphic file (type jpg)

<use imagenes/logo_ugr.jpg>
Package pdftex.def Info: imagenes/logo_ugr.jpg used on input line 12.
(pdftex.def)             Requested size: 323.9978pt x 96.57295pt.
LaTeX Font Info:    Try loading font information for U+msa on input line 21.
 (E:\MiKTeX\tex\latex\amsfonts\umsa.fd
File: umsa.fd 2013/01/14 v3.01 AMS symbols A
)
LaTeX Font Info:    Try loading font information for U+msb on input line 21.

(E:\MiKTeX\tex\latex\amsfonts\umsb.fd
File: umsb.fd 2013/01/14 v3.01 AMS symbols B
)
Overfull \hbox (24.0pt too wide) in paragraph at lines 9--22
| $[]$ 
 []

<imagenes/etsiit_logo.png, id=340, 110.814pt x 40.4712pt>
File: imagenes/etsiit_logo.png Graphic file (type png)

<use imagenes/etsiit_logo.png>
Package pdftex.def Info: imagenes/etsiit_logo.png used on input line 30.
(pdftex.def)             Requested size: 108.0011pt x 39.44412pt.

Overfull \hbox (24.0pt too wide) in paragraph at lines 24--37
| $[]$ 
 []

[1


{C:/Users/yop/AppData/Local/MiKTeX/2.9/pdftex/config/pdftex.map} <F:/TFG/docume
nto final LATEX/imagenes/logo_ugr.jpg> <F:/TFG/documento final LATEX/imagenes/e
tsiit_logo.png>]) ("F:\TFG\documento final LATEX\prefacios/prefacio.tex"
[2

]
Underfull \hbox (badness 10000) in paragraph at lines 25--26

 []

[3] [4

]
Underfull \hbox (badness 10000) in paragraph at lines 52--53

 []


Underfull \hbox (badness 10000) in paragraph at lines 55--56

 []

[5] [6

]
Underfull \hbox (badness 10000) in paragraph at lines 72--73

 []

[7] [8

]
Underfull \hbox (badness 10000) in paragraph at lines 93--94

 []

[9] [10

]) [11] [12

] ("F:\TFG\documento final LATEX\proyecto.toc" [1

]

LaTeX Font Warning: Font shape `OT1/cmr/bx/sc' undefined
(Font)              using `OT1/cmr/bx/n' instead on input line 72.


Package spanish Warning: Replacing `OT1/cmr/bx/sc' by 
(spanish)                faked small caps on input line 72.

[2])
\tf@toc=\write4


Package spanish Warning: Replacing `OT1/cmr/bx/sc' by 
(spanish)                faked small caps on input line 161.

[3] [4

] ("F:\TFG\documento final LATEX\proyecto.lof" [5])
\tf@lof=\write5


Package spanish Warning: Replacing `OT1/cmr/bx/sc' by 
(spanish)                faked small caps on input line 162.

[6] ("F:\TFG\documento final LATEX\proyecto.lot")
\tf@lot=\write6
 [7

] [8

]
("F:\TFG\documento final LATEX\capitulos/01_Introduccion.tex"
Cap\'{\i }tulo 1.
pdfTeX warning (ext4): destination with the same identifier (name{page.1}) has 
been already used, duplicate ignored
<to be read again> 
                   \relax 
l.22 
      [1

]pdfTeX warning (ext4): destination with the same identifier (name{page.2}) has
 been already used, duplicate ignored
<to be read again> 
                   \relax 
l.42 
      [2])
("F:\TFG\documento final LATEX\capitulos/02_AnalisisExploratorioDeDatos.tex"pdf
TeX warning (ext4): destination with the same identifier (name{page.3}) has bee
n already used, duplicate ignored
<to be read again> 
                   \relax 
l.1 \chapter
            {Análisis Exploratorio de Datos} \cite{LSBM} \cite{PHPDAT}
[3]pdfTeX warning (ext4): destination with the same identifier (name{page.4}) h
as been already used, duplicate ignored
<to be read again> 
                   \relax 
l.1 \chapter
            {Análisis Exploratorio de Datos} \cite{LSBM} \cite{PHPDAT}
[4

]
Cap\'{\i }tulo 2.
pdfTeX warning (ext4): destination with the same identifier (name{page.5}) has 
been already used, duplicate ignored
<to be read again> 
                   \relax 
l.22 
      [5]pdfTeX warning (ext4): destination with the same identifier (name{page
.6}) has been already used, duplicate ignored
<to be read again> 
                   \relax 
l.52 
      [6]

LaTeX Warning: Command \textquoteright invalid in math mode on input line 57.

<imagenes/figuras/2_1.png, id=723, 286.82156pt x 208.52907pt>
File: imagenes/figuras/2_1.png Graphic file (type png)

<use imagenes/figuras/2_1.png>
Package pdftex.def Info: imagenes/figuras/2_1.png used on input line 65.
(pdftex.def)             Requested size: 323.9978pt x 235.5619pt.
pdfTeX warning (ext4): destination with the same identifier (name{page.7}) has 
been already used, duplicate ignored
<to be read again> 
                   \relax 
l.73 
      [7 <F:/TFG/documento final LATEX/imagenes/figuras/2_1.png>]pdfTeX warning
 (ext4): destination with the same identifier (name{page.8}) has been already u
sed, duplicate ignored
<to be read again> 
                   \relax 
l.114 
       [8] <imagenes/figuras/2_3.png, id=738, 358.33875pt x 286.06876pt>
File: imagenes/figuras/2_3.png Graphic file (type png)

<use imagenes/figuras/2_3.png>
Package pdftex.def Info: imagenes/figuras/2_3.png used on input line 135.
(pdftex.def)             Requested size: 323.9978pt x 258.66861pt.
pdfTeX warning (ext4): destination with the same identifier (name{page.9}) has 
been already used, duplicate ignored
<to be read again> 
                   \relax 
l.138 
       [9] <imagenes/figuras/2_4.png, id=745, 354.57469pt x 283.0575pt>
File: imagenes/figuras/2_4.png Graphic file (type png)

<use imagenes/figuras/2_4.png>
Package pdftex.def Info: imagenes/figuras/2_4.png used on input line 156.
(pdftex.def)             Requested size: 323.9978pt x 258.65385pt.
pdfTeX warning (ext4): destination with the same identifier (name{page.10}) has
 been already used, duplicate ignored
<to be read again> 
                   \relax 
l.159 
       [10 <F:/TFG/documento final LATEX/imagenes/figuras/2_3.png>]
<imagenes/figuras/2_5.png, id=749, 392.96812pt x 309.40594pt>
File: imagenes/figuras/2_5.png Graphic file (type png)

<use imagenes/figuras/2_5.png>
Package pdftex.def Info: imagenes/figuras/2_5.png used on input line 173.
(pdftex.def)             Requested size: 323.9978pt x 255.11668pt.

Underfull \vbox (badness 5726) has occurred while \output is active []

pdfTeX warning (ext4): destination with the same identifier (name{page.11}) has
 been already used, duplicate ignored
<to be read again> 
                   \relax 
l.177 
       [11 <F:/TFG/documento final LATEX/imagenes/figuras/2_4.png>]
<imagenes/figuras/2_6.png, id=754, 350.05782pt x 282.30469pt>
File: imagenes/figuras/2_6.png Graphic file (type png)

<use imagenes/figuras/2_6.png>
Package pdftex.def Info: imagenes/figuras/2_6.png used on input line 186.
(pdftex.def)             Requested size: 323.9978pt x 261.30435pt.

Underfull \vbox (badness 10000) has occurred while \output is active []

pdfTeX warning (ext4): destination with the same identifier (name{page.12}) has
 been already used, duplicate ignored
<to be read again> 
                   \relax 
l.189 
       [12 <F:/TFG/documento final LATEX/imagenes/figuras/2_5.png>])
("F:\TFG\documento final LATEX\capitulos/03_AnalisisDeGrandesConjuntosDeDatos.t
ex" [13 <F:/TFG/documento final LATEX/imagenes/figuras/2_6.png>] [14

]
Cap\'{\i }tulo 3.
[15] <imagenes/figuras/3_1.png, id=772, 342.5297pt x 273.27094pt>
File: imagenes/figuras/3_1.png Graphic file (type png)

<use imagenes/figuras/3_1.png>
Package pdftex.def Info: imagenes/figuras/3_1.png used on input line 36.
(pdftex.def)             Requested size: 323.9978pt x 258.50508pt.


Package Fancyhdr Warning: \headheight is too small (18.0pt): 
 Make it at least 25.2842pt.
 We now make it that large for the rest of the document.
 This may cause the page layout to be inconsistent, however.

[16 <F:/TFG/documento final LATEX/imagenes/figuras/3_1.png>] [17]
Overfull \hbox (36.34206pt too wide) in paragraph at lines 103--104
\OT1/cmr/m/n/10.95 en: []$\OT1/cmtt/m/n/10.95 https : / / github . com / joseca
machop / MEDA-[]Toolbox / tree / master / Examples /$
 []

LaTeX Font Info:    Try loading font information for OMS+cmr on input line 112.

(E:\MiKTeX\tex\latex\base\omscmr.fd
File: omscmr.fd 1999/05/25 v2.5h Standard LaTeX font definitions
)
LaTeX Font Info:    Font shape `OMS/cmr/m/n' in size <10.95> not available
(Font)              Font shape `OMS/cmsy/m/n' tried instead on input line 112.
 [18]
<imagenes/figuras/3_2.png, id=791, 343.2825pt x 268.75406pt>
File: imagenes/figuras/3_2.png Graphic file (type png)

<use imagenes/figuras/3_2.png>
Package pdftex.def Info: imagenes/figuras/3_2.png used on input line 144.
(pdftex.def)             Requested size: 288.0011pt x 225.473pt.
 [19]
<imagenes/figuras/3_3.png, id=796, 339.51843pt x 268.00125pt>
File: imagenes/figuras/3_3.png Graphic file (type png)

<use imagenes/figuras/3_3.png>
Package pdftex.def Info: imagenes/figuras/3_3.png used on input line 150.
(pdftex.def)             Requested size: 288.0011pt x 227.34412pt.

<imagenes/figuras/3_4.png, id=797, 340.27126pt x 294.34969pt>
File: imagenes/figuras/3_4.png Graphic file (type png)

<use imagenes/figuras/3_4.png>
Package pdftex.def Info: imagenes/figuras/3_4.png used on input line 156.
(pdftex.def)             Requested size: 288.0011pt x 249.14742pt.

Underfull \vbox (badness 10000) has occurred while \output is active []

 [20 <F:/TFG/documento final LATEX/imagenes/figuras/3_2.png> <F:/TFG/documento 
final LATEX/imagenes/figuras/3_3.png>]
<imagenes/figuras/3_5.png, id=802, 339.51843pt x 272.51813pt>
File: imagenes/figuras/3_5.png Graphic file (type png)

<use imagenes/figuras/3_5.png>
Package pdftex.def Info: imagenes/figuras/3_5.png used on input line 167.
(pdftex.def)             Requested size: 288.0011pt x 231.17577pt.

Underfull \vbox (badness 10000) has occurred while \output is active []

 [21 <F:/TFG/documento final LATEX/imagenes/figuras/3_4.png>]
<imagenes/figuras/3_6.png, id=807, 341.02406pt x 273.27094pt>
File: imagenes/figuras/3_6.png Graphic file (type png)

<use imagenes/figuras/3_6.png>
Package pdftex.def Info: imagenes/figuras/3_6.png used on input line 174.
(pdftex.def)             Requested size: 288.0011pt x 230.79694pt.

<imagenes/figuras/3_7.png, id=808, 340.27126pt x 286.06876pt>
File: imagenes/figuras/3_7.png Graphic file (type png)

<use imagenes/figuras/3_7.png>
Package pdftex.def Info: imagenes/figuras/3_7.png used on input line 181.
(pdftex.def)             Requested size: 288.0011pt x 242.13817pt.

Underfull \vbox (badness 10000) has occurred while \output is active []

 [22 <F:/TFG/documento final LATEX/imagenes/figuras/3_5.png> <F:/TFG/documento 
final LATEX/imagenes/figuras/3_6.png>])
("F:\TFG\documento final LATEX\capitulos/04_DatosDeSeguridadEnRed.tex" [23 <F:/
TFG/documento final LATEX/imagenes/figuras/3_7.png>] [24

]
Cap\'{\i }tulo 4.
[25] [26] [27] [28] [29])
("F:\TFG\documento final LATEX\capitulos/05_PlanificacionYEstimacionDeCostes.te
x" [30]
Cap\'{\i }tulo 5.
[31

] [32] <imagenes/figuras/5_1.png, id=871, 1281.28688pt x 478.78876pt>
File: imagenes/figuras/5_1.png Graphic file (type png)

<use imagenes/figuras/5_1.png>
Package pdftex.def Info: imagenes/figuras/5_1.png used on input line 45.
(pdftex.def)             Requested size: 648.0011pt x 242.14804pt.

Overfull \hbox (52.20084pt too wide) in paragraph at lines 45--46
 [][] 
 []

[33 <F:/TFG/documento final LATEX/imagenes/figuras/5_1.png>]
<imagenes/figuras/5_2.png, id=876, 426.84468pt x 249.18094pt>
File: imagenes/figuras/5_2.png Graphic file (type png)

<use imagenes/figuras/5_2.png>
Package pdftex.def Info: imagenes/figuras/5_2.png used on input line 76.
(pdftex.def)             Requested size: 323.9978pt x 189.15514pt.
 [34


 <F:/TFG/documento final LATEX/imagenes/figuras/5_2.png>] <imagenes/figuras/5_3
.png, id=881, 426.84468pt x 249.18094pt>
File: imagenes/figuras/5_3.png Graphic file (type png)

<use imagenes/figuras/5_3.png>
Package pdftex.def Info: imagenes/figuras/5_3.png used on input line 133.
(pdftex.def)             Requested size: 323.9978pt x 189.15514pt.
 [35]
<imagenes/figuras/5_4.png, id=887, 595.47469pt x 368.1253pt>
File: imagenes/figuras/5_4.png Graphic file (type png)

<use imagenes/figuras/5_4.png>
Package pdftex.def Info: imagenes/figuras/5_4.png used on input line 159.
(pdftex.def)             Requested size: 323.9978pt x 200.29572pt.
)
("F:\TFG\documento final LATEX\capitulos/06_GUIDEEnMatlab.tex" [36 <F:/TFG/docu
mento final LATEX/imagenes/figuras/5_3.png>] [37 <F:/TFG/documento final LATEX/
imagenes/figuras/5_4.png>] [38

]
Cap\'{\i }tulo 6.
<imagenes/figuras/6_1.png, id=902, 377.15906pt x 237.88875pt>
File: imagenes/figuras/6_1.png Graphic file (type png)

<use imagenes/figuras/6_1.png>
Package pdftex.def Info: imagenes/figuras/6_1.png used on input line 14.
(pdftex.def)             Requested size: 323.9978pt x 204.3589pt.
 [39]
<imagenes/figuras/6_2.png, id=909, 409.53pt x 331.2375pt>
File: imagenes/figuras/6_2.png Graphic file (type png)

<use imagenes/figuras/6_2.png>
Package pdftex.def Info: imagenes/figuras/6_2.png used on input line 32.
(pdftex.def)             Requested size: 323.9978pt x 262.07404pt.

<imagenes/iconosguide/pushbuton.png, id=910, 22.58438pt x 23.33719pt>
File: imagenes/iconosguide/pushbuton.png Graphic file (type png)

<use imagenes/iconosguide/pushbuton.png>
Package pdftex.def Info: imagenes/iconosguide/pushbuton.png used on input line 
61.
(pdftex.def)             Requested size: 18.0011pt x 18.60138pt.

<imagenes/iconosguide/slider.png, id=911, 22.58438pt x 23.33719pt>
File: imagenes/iconosguide/slider.png Graphic file (type png)

<use imagenes/iconosguide/slider.png>
Package pdftex.def Info: imagenes/iconosguide/slider.png used on input line 61.

(pdftex.def)             Requested size: 22.5843pt x 23.33711pt.

<imagenes/iconosguide/radiobuton.png, id=912, 22.58438pt x 23.33719pt>
File: imagenes/iconosguide/radiobuton.png Graphic file (type png)

<use imagenes/iconosguide/radiobuton.png>
Package pdftex.def Info: imagenes/iconosguide/radiobuton.png used on input line
 61.
(pdftex.def)             Requested size: 22.5843pt x 23.33711pt.

<imagenes/iconosguide/check.png, id=913, 22.58438pt x 23.33719pt>
File: imagenes/iconosguide/check.png Graphic file (type png)

<use imagenes/iconosguide/check.png>
Package pdftex.def Info: imagenes/iconosguide/check.png used on input line 61.
(pdftex.def)             Requested size: 22.5843pt x 23.33711pt.

<imagenes/iconosguide/edit.png, id=914, 22.58438pt x 23.33719pt>
File: imagenes/iconosguide/edit.png Graphic file (type png)

<use imagenes/iconosguide/edit.png>
Package pdftex.def Info: imagenes/iconosguide/edit.png used on input line 61.
(pdftex.def)             Requested size: 22.5843pt x 23.33711pt.

<imagenes/iconosguide/text.png, id=915, 22.58438pt x 23.33719pt>
File: imagenes/iconosguide/text.png Graphic file (type png)

<use imagenes/iconosguide/text.png>
Package pdftex.def Info: imagenes/iconosguide/text.png used on input line 61.
(pdftex.def)             Requested size: 22.5843pt x 23.33711pt.

<imagenes/iconosguide/popup.png, id=916, 22.58438pt x 23.33719pt>
File: imagenes/iconosguide/popup.png Graphic file (type png)

<use imagenes/iconosguide/popup.png>
Package pdftex.def Info: imagenes/iconosguide/popup.png used on input line 61.
(pdftex.def)             Requested size: 22.5843pt x 23.33711pt.

<imagenes/iconosguide/list.png, id=917, 22.58438pt x 23.33719pt>
File: imagenes/iconosguide/list.png Graphic file (type png)

<use imagenes/iconosguide/list.png>
Package pdftex.def Info: imagenes/iconosguide/list.png used on input line 61.
(pdftex.def)             Requested size: 22.5843pt x 23.33711pt.

<imagenes/iconosguide/togle.png, id=918, 22.58438pt x 23.33719pt>
File: imagenes/iconosguide/togle.png Graphic file (type png)

<use imagenes/iconosguide/togle.png>
Package pdftex.def Info: imagenes/iconosguide/togle.png used on input line 61.
(pdftex.def)             Requested size: 22.5843pt x 23.33711pt.

<imagenes/iconosguide/table.png, id=919, 22.58438pt x 23.33719pt>
File: imagenes/iconosguide/table.png Graphic file (type png)

<use imagenes/iconosguide/table.png>
Package pdftex.def Info: imagenes/iconosguide/table.png used on input line 61.
(pdftex.def)             Requested size: 22.5843pt x 23.33711pt.

<imagenes/iconosguide/axes.png, id=920, 22.58438pt x 23.33719pt>
File: imagenes/iconosguide/axes.png Graphic file (type png)

<use imagenes/iconosguide/axes.png>
Package pdftex.def Info: imagenes/iconosguide/axes.png used on input line 61.
(pdftex.def)             Requested size: 22.5843pt x 23.33711pt.

<imagenes/iconosguide/panel.png, id=921, 22.58438pt x 23.33719pt>
File: imagenes/iconosguide/panel.png Graphic file (type png)

<use imagenes/iconosguide/panel.png>
Package pdftex.def Info: imagenes/iconosguide/panel.png used on input line 61.
(pdftex.def)             Requested size: 22.5843pt x 23.33711pt.

<imagenes/iconosguide/butongroup.png, id=922, 22.58438pt x 23.33719pt>
File: imagenes/iconosguide/butongroup.png Graphic file (type png)

<use imagenes/iconosguide/butongroup.png>
Package pdftex.def Info: imagenes/iconosguide/butongroup.png used on input line
 61.
(pdftex.def)             Requested size: 22.5843pt x 23.33711pt.

<imagenes/iconosguide/activex.png, id=923, 21.07875pt x 21.07875pt>
File: imagenes/iconosguide/activex.png Graphic file (type png)

<use imagenes/iconosguide/activex.png>
Package pdftex.def Info: imagenes/iconosguide/activex.png used on input line 61
.
(pdftex.def)             Requested size: 21.07867pt x 21.07867pt.
 [40 <F:/TFG/documento final LATEX/imagenes/figuras/6_1.png> <F:/TFG/documento 
final LATEX/imagenes/figuras/6_2.png>]
<imagenes/figuras/6_3.png, id=928, 286.06876pt x 346.29375pt>
File: imagenes/figuras/6_3.png Graphic file (type png)

<use imagenes/figuras/6_3.png>
Package pdftex.def Info: imagenes/figuras/6_3.png used on input line 72.
(pdftex.def)             Requested size: 216.0022pt x 261.47923pt.

<imagenes/iconosguide/nuevo.png, id=929, 21.07875pt x 21.07875pt>
File: imagenes/iconosguide/nuevo.png Graphic file (type png)

<use imagenes/iconosguide/nuevo.png>
Package pdftex.def Info: imagenes/iconosguide/nuevo.png used on input line 105.

(pdftex.def)             Requested size: 21.07867pt x 21.07867pt.

<imagenes/iconosguide/abrir.png, id=930, 21.07875pt x 21.07875pt>
File: imagenes/iconosguide/abrir.png Graphic file (type png)

<use imagenes/iconosguide/abrir.png>
Package pdftex.def Info: imagenes/iconosguide/abrir.png used on input line 105.

(pdftex.def)             Requested size: 21.07867pt x 21.07867pt.

<imagenes/iconosguide/guardar.png, id=931, 21.07875pt x 21.07875pt>
File: imagenes/iconosguide/guardar.png Graphic file (type png)

<use imagenes/iconosguide/guardar.png>
Package pdftex.def Info: imagenes/iconosguide/guardar.png used on input line 10
5.
(pdftex.def)             Requested size: 21.07867pt x 21.07867pt.

<imagenes/iconosguide/cortar.png, id=932, 21.07875pt x 21.07875pt>
File: imagenes/iconosguide/cortar.png Graphic file (type png)

<use imagenes/iconosguide/cortar.png>
Package pdftex.def Info: imagenes/iconosguide/cortar.png used on input line 105
.
(pdftex.def)             Requested size: 21.07867pt x 21.07867pt.

<imagenes/iconosguide/copiar.png, id=933, 21.07875pt x 21.07875pt>
File: imagenes/iconosguide/copiar.png Graphic file (type png)

<use imagenes/iconosguide/copiar.png>
Package pdftex.def Info: imagenes/iconosguide/copiar.png used on input line 105
.
(pdftex.def)             Requested size: 21.07867pt x 21.07867pt.

<imagenes/iconosguide/pegar.png, id=934, 21.07875pt x 21.07875pt>
File: imagenes/iconosguide/pegar.png Graphic file (type png)

<use imagenes/iconosguide/pegar.png>
Package pdftex.def Info: imagenes/iconosguide/pegar.png used on input line 105.

(pdftex.def)             Requested size: 21.07867pt x 21.07867pt.

<imagenes/iconosguide/atras.png, id=935, 21.07875pt x 21.07875pt>
File: imagenes/iconosguide/atras.png Graphic file (type png)

<use imagenes/iconosguide/atras.png>
Package pdftex.def Info: imagenes/iconosguide/atras.png used on input line 105.

(pdftex.def)             Requested size: 21.07867pt x 21.07867pt.

<imagenes/iconosguide/adelante.png, id=936, 21.07875pt x 21.07875pt>
File: imagenes/iconosguide/adelante.png Graphic file (type png)

<use imagenes/iconosguide/adelante.png>
Package pdftex.def Info: imagenes/iconosguide/adelante.png used on input line 1
05.
(pdftex.def)             Requested size: 21.07867pt x 21.07867pt.

<imagenes/iconosguide/align.png, id=937, 21.07875pt x 21.07875pt>
File: imagenes/iconosguide/align.png Graphic file (type png)

<use imagenes/iconosguide/align.png>
Package pdftex.def Info: imagenes/iconosguide/align.png used on input line 105.

(pdftex.def)             Requested size: 21.07867pt x 21.07867pt.

<imagenes/iconosguide/menueditor.png, id=938, 21.07875pt x 21.07875pt>
File: imagenes/iconosguide/menueditor.png Graphic file (type png)

<use imagenes/iconosguide/menueditor.png>
Package pdftex.def Info: imagenes/iconosguide/menueditor.png used on input line
 105.
(pdftex.def)             Requested size: 21.07867pt x 21.07867pt.

<imagenes/iconosguide/propert.png, id=939, 21.07875pt x 21.07875pt>
File: imagenes/iconosguide/propert.png Graphic file (type png)

<use imagenes/iconosguide/propert.png>
Package pdftex.def Info: imagenes/iconosguide/propert.png used on input line 10
5.
(pdftex.def)             Requested size: 21.07867pt x 21.07867pt.

<imagenes/iconosguide/tabordereditor.png, id=940, 21.07875pt x 21.07875pt>
File: imagenes/iconosguide/tabordereditor.png Graphic file (type png)

<use imagenes/iconosguide/tabordereditor.png>
Package pdftex.def Info: imagenes/iconosguide/tabordereditor.png used on input 
line 105.
(pdftex.def)             Requested size: 21.07867pt x 21.07867pt.

<imagenes/iconosguide/toolbareditor.png, id=941, 21.07875pt x 21.07875pt>
File: imagenes/iconosguide/toolbareditor.png Graphic file (type png)

<use imagenes/iconosguide/toolbareditor.png>
Package pdftex.def Info: imagenes/iconosguide/toolbareditor.png used on input l
ine 105.
(pdftex.def)             Requested size: 21.07867pt x 21.07867pt.

<imagenes/iconosguide/editor.png, id=942, 21.07875pt x 21.07875pt>
File: imagenes/iconosguide/editor.png Graphic file (type png)

<use imagenes/iconosguide/editor.png>
Package pdftex.def Info: imagenes/iconosguide/editor.png used on input line 105
.
(pdftex.def)             Requested size: 21.07867pt x 21.07867pt.

<imagenes/iconosguide/object.png, id=943, 21.07875pt x 21.07875pt>
File: imagenes/iconosguide/object.png Graphic file (type png)

<use imagenes/iconosguide/object.png>
Package pdftex.def Info: imagenes/iconosguide/object.png used on input line 105
.
(pdftex.def)             Requested size: 21.07867pt x 21.07867pt.

<imagenes/iconosguide/run.png, id=944, 21.07875pt x 21.07875pt>
File: imagenes/iconosguide/run.png Graphic file (type png)

<use imagenes/iconosguide/run.png>
Package pdftex.def Info: imagenes/iconosguide/run.png used on input line 105.
(pdftex.def)             Requested size: 21.07867pt x 21.07867pt.

Underfull \vbox (badness 6032) has occurred while \output is active []

 [41 <F:/TFG/documento final LATEX/imagenes/iconosguide/pushbuton.png> <F:/TFG/
documento final LATEX/imagenes/iconosguide/slider.png> <F:/TFG/documento final 
LATEX/imagenes/iconosguide/radiobuton.png> <F:/TFG/documento final LATEX/imagen
es/iconosguide/check.png> <F:/TFG/documento final LATEX/imagenes/iconosguide/ed
it.png> <F:/TFG/documento final LATEX/imagenes/iconosguide/text.png> <F:/TFG/do
cumento final LATEX/imagenes/iconosguide/popup.png> <F:/TFG/documento final LAT
EX/imagenes/iconosguide/list.png> <F:/TFG/documento final LATEX/imagenes/iconos
guide/togle.png> <F:/TFG/documento final LATEX/imagenes/iconosguide/table.png> 
<F:/TFG/documento final LATEX/imagenes/iconosguide/axes.png> <F:/TFG/documento 
final LATEX/imagenes/iconosguide/panel.png> <F:/TFG/documento final LATEX/image
nes/iconosguide/butongroup.png> <F:/TFG/documento final LATEX/imagenes/iconosgu
ide/activex.png>] [42 <F:/TFG/documento final LATEX/imagenes/figuras/6_3.png> <
F:/TFG/documento final LATEX/imagenes/iconosguide/nuevo.png> <F:/TFG/documento 
final LATEX/imagenes/iconosguide/abrir.png> <F:/TFG/documento final LATEX/image
nes/iconosguide/guardar.png> <F:/TFG/documento final LATEX/imagenes/iconosguide
/cortar.png> <F:/TFG/documento final LATEX/imagenes/iconosguide/copiar.png> <F:
/TFG/documento final LATEX/imagenes/iconosguide/pegar.png> <F:/TFG/documento fi
nal LATEX/imagenes/iconosguide/atras.png> <F:/TFG/documento final LATEX/imagene
s/iconosguide/adelante.png> <F:/TFG/documento final LATEX/imagenes/iconosguide/
align.png> <F:/TFG/documento final LATEX/imagenes/iconosguide/menueditor.png> <
F:/TFG/documento final LATEX/imagenes/iconosguide/propert.png> <F:/TFG/document
o final LATEX/imagenes/iconosguide/tabordereditor.png> <F:/TFG/documento final 
LATEX/imagenes/iconosguide/toolbareditor.png> <F:/TFG/documento final LATEX/ima
genes/iconosguide/editor.png> <F:/TFG/documento final LATEX/imagenes/iconosguid
e/object.png> <F:/TFG/documento final LATEX/imagenes/iconosguide/run.png>] [43]

<imagenes/figuras/6_4.png, id=958, 368.87813pt x 288.3272pt>
File: imagenes/figuras/6_4.png Graphic file (type png)

<use imagenes/figuras/6_4.png>
Package pdftex.def Info: imagenes/figuras/6_4.png used on input line 160.
(pdftex.def)             Requested size: 323.9978pt x 253.24475pt.

<imagenes/figuras/6_5.png, id=959, 194.22563pt x 133.24782pt>
File: imagenes/figuras/6_5.png Graphic file (type png)

<use imagenes/figuras/6_5.png>
Package pdftex.def Info: imagenes/figuras/6_5.png used on input line 170.
(pdftex.def)             Requested size: 323.9978pt x 222.28313pt.

Underfull \vbox (badness 10000) has occurred while \output is active []

 [44 <F:/TFG/documento final LATEX/imagenes/figuras/6_4.png>]
<imagenes/figuras/6_6.png, id=964, 193.47281pt x 132.495pt>
File: imagenes/figuras/6_6.png Graphic file (type png)

<use imagenes/figuras/6_6.png>
Package pdftex.def Info: imagenes/figuras/6_6.png used on input line 180.
(pdftex.def)             Requested size: 323.9978pt x 221.88448pt.

<imagenes/figuras/6_7.png, id=965, 426.84468pt x 93.34875pt>
File: imagenes/figuras/6_7.png Graphic file (type png)

<use imagenes/figuras/6_7.png>
Package pdftex.def Info: imagenes/figuras/6_7.png used on input line 190.
(pdftex.def)             Requested size: 323.9978pt x 70.86174pt.
 [45 <F:/TFG/documento final LATEX/imagenes/figuras/6_5.png> <F:/TFG/documento 
final LATEX/imagenes/figuras/6_6.png>])
("F:\TFG\documento final LATEX\capitulos/07_Analisis.tex" [46 <F:/TFG/documento
 final LATEX/imagenes/figuras/6_7.png>]
Cap\'{\i }tulo 7.
[47

] [48]
Overfull \hbox (66.81328pt too wide) in paragraph at lines 93--113
 [] 
 []


Underfull \vbox (badness 5403) has occurred while \output is active []

 [49]
Overfull \hbox (66.79907pt too wide) in paragraph at lines 119--136
 [] 
 []


Overfull \hbox (66.82019pt too wide) in paragraph at lines 142--163
 [] 
 []


Underfull \vbox (badness 10000) has occurred while \output is active []

 [50]
Overfull \hbox (66.79684pt too wide) in paragraph at lines 169--190
 [] 
 []


Overfull \hbox (66.79227pt too wide) in paragraph at lines 196--222
 [] 
 []


Underfull \vbox (badness 10000) has occurred while \output is active []

 [51]
Overfull \hbox (66.79195pt too wide) in paragraph at lines 228--254
 [] 
 []


Overfull \hbox (66.79305pt too wide) in paragraph at lines 260--281
 [] 
 []


Underfull \vbox (badness 10000) has occurred while \output is active []

 [52]
Underfull \vbox (badness 1009) has occurred while \output is active []

 [53]
[54]
Overfull \hbox (18.80443pt too wide) in paragraph at lines 424--456
 [] 
 []


Overfull \hbox (1.77106pt too wide) in paragraph at lines 462--494
 [] 
 []

[55]
Overfull \hbox (20.27954pt too wide) in paragraph at lines 501--535
 [] 
 []


Underfull \vbox (badness 10000) has occurred while \output is active []

 [56]
<imagenes/diagramas/DCU1.png, id=1019, 297.36093pt x 240.9pt>
File: imagenes/diagramas/DCU1.png Graphic file (type png)

<use imagenes/diagramas/DCU1.png>
Package pdftex.def Info: imagenes/diagramas/DCU1.png used on input line 612.
(pdftex.def)             Requested size: 323.9978pt x 262.49124pt.

<imagenes/diagramas/DCU2.png, id=1020, 228.855pt x 162.6075pt>
File: imagenes/diagramas/DCU2.png Graphic file (type png)

<use imagenes/diagramas/DCU2.png>
Package pdftex.def Info: imagenes/diagramas/DCU2.png used on input line 618.
(pdftex.def)             Requested size: 323.9978pt x 230.21945pt.

Underfull \vbox (badness 10000) has occurred while \output is active []

 [57 <F:/TFG/documento final LATEX/imagenes/diagramas/DCU1.png>] [58 <F:/TFG/do
cumento final LATEX/imagenes/diagramas/DCU2.png>]
<imagenes/diagramas/DDP.png, id=1031, 871.255pt x 505.89pt>
File: imagenes/diagramas/DDP.png Graphic file (type png)

<use imagenes/diagramas/DDP.png>
Package pdftex.def Info: imagenes/diagramas/DDP.png used on input line 629.
(pdftex.def)             Requested size: 323.9978pt x 188.12582pt.

<imagenes/diagramas/DA1.png, id=1032, 308.65312pt x 308.65312pt>
File: imagenes/diagramas/DA1.png Graphic file (type png)

<use imagenes/diagramas/DA1.png>
Package pdftex.def Info: imagenes/diagramas/DA1.png used on input line 646.
(pdftex.def)             Requested size: 323.9978pt x 324.02469pt.
 [59 <F:/TFG/documento final LATEX/imagenes/diagramas/DDP.png>]
<imagenes/diagramas/DA2.png, id=1039, 292.84406pt x 312.41719pt>
File: imagenes/diagramas/DA2.png Graphic file (type png)

<use imagenes/diagramas/DA2.png>
Package pdftex.def Info: imagenes/diagramas/DA2.png used on input line 652.
(pdftex.def)             Requested size: 323.9978pt x 345.68597pt.

Underfull \vbox (badness 10000) has occurred while \output is active []

 [60 <F:/TFG/documento final LATEX/imagenes/diagramas/DA1.png>]
<imagenes/diagramas/DA3.png, id=1045, 320.69812pt x 308.65312pt>
File: imagenes/diagramas/DA3.png Graphic file (type png)

<use imagenes/diagramas/DA3.png>
Package pdftex.def Info: imagenes/diagramas/DA3.png used on input line 658.
(pdftex.def)             Requested size: 323.9978pt x 311.83607pt.

Underfull \vbox (badness 10000) has occurred while \output is active []

 [61 <F:/TFG/documento final LATEX/imagenes/diagramas/DA2.png>]
<imagenes/diagramas/DA4.png, id=1051, 311.66437pt x 320.69812pt>
File: imagenes/diagramas/DA4.png Graphic file (type png)

<use imagenes/diagramas/DA4.png>
Package pdftex.def Info: imagenes/diagramas/DA4.png used on input line 664.
(pdftex.def)             Requested size: 323.9978pt x 333.39583pt.

Underfull \vbox (badness 10000) has occurred while \output is active []

 [62 <F:/TFG/documento final LATEX/imagenes/diagramas/DA3.png>]
<imagenes/diagramas/DA5.png, id=1057, 334.24875pt x 371.13657pt>
File: imagenes/diagramas/DA5.png Graphic file (type png)

<use imagenes/diagramas/DA5.png>
Package pdftex.def Info: imagenes/diagramas/DA5.png used on input line 671.
(pdftex.def)             Requested size: 323.9978pt x 359.78117pt.
)
("F:\TFG\documento final LATEX\capitulos/08_Design.tex"
Underfull \vbox (badness 10000) has occurred while \output is active []

 [63 <F:/TFG/documento final LATEX/imagenes/diagramas/DA4.png>] [64 <F:/TFG/doc
umento final LATEX/imagenes/diagramas/DA5.png>]
Cap\'{\i }tulo 8.

Overfull \hbox (13.97743pt too wide) in paragraph at lines 19--21
[]\OT1/cmr/bx/sc/10.95 Update[]ewma2.m: \OT1/cmr/m/n/10.95 Ha-ce lo mis-mo que 
el modu-lo an-te-rior pe-ro basando-
 []

[65

] <imagenes/figuras/8_1.png, id=1074, 295.1025pt x 252.945pt>
File: imagenes/figuras/8_1.png Graphic file (type png)

<use imagenes/figuras/8_1.png>
Package pdftex.def Info: imagenes/figuras/8_1.png used on input line 39.
(pdftex.def)             Requested size: 251.9989pt x 216.0039pt.

Underfull \vbox (badness 10000) has occurred while \output is active []

 [66]
[67 <F:/TFG/documento final LATEX/imagenes/figuras/8_1.png>]
Overfull \hbox (11.96655pt too wide) in paragraph at lines 56--57
[]\OT1/cmr/m/n/10.95 Se crearan dos fi-che-ros pa-ra el desa-rro-llo del soft-
wa-re: GuiV1.fig y GuiV1.m. 
 []

) ("F:\TFG\documento final LATEX\capitulos/09_Implementacion.tex" [68]
Cap\'{\i }tulo 9.
<imagenes/figuras/9_1.png, id=1088, 518.6878pt x 462.22687pt>
File: imagenes/figuras/9_1.png Graphic file (type png)

<use imagenes/figuras/9_1.png>
Package pdftex.def Info: imagenes/figuras/9_1.png used on input line 12.
(pdftex.def)             Requested size: 251.9989pt x 224.56767pt.
 [69

 <F:/TFG/documento final LATEX/imagenes/figuras/9_1.png>] <imagenes/figuras/9_2
.png, id=1093, 426.84468pt x 40.65187pt>
File: imagenes/figuras/9_2.png Graphic file (type png)

<use imagenes/figuras/9_2.png>
Package pdftex.def Info: imagenes/figuras/9_2.png used on input line 22.
(pdftex.def)             Requested size: 323.9978pt x 30.85913pt.

<imagenes/figuras/9_3.png, id=1094, 426.84468pt x 188.95593pt>
File: imagenes/figuras/9_3.png Graphic file (type png)

<use imagenes/figuras/9_3.png>
Package pdftex.def Info: imagenes/figuras/9_3.png used on input line 32.
(pdftex.def)             Requested size: 323.9978pt x 143.43788pt.

<imagenes/figuras/9_4.png, id=1095, 499.11469pt x 151.3153pt>
File: imagenes/figuras/9_4.png Graphic file (type png)

<use imagenes/figuras/9_4.png>
Package pdftex.def Info: imagenes/figuras/9_4.png used on input line 49.
(pdftex.def)             Requested size: 323.9978pt x 98.2291pt.
 [70 <F:/TFG/documento final LATEX/imagenes/figuras/9_2.png> <F:/TFG/documento 
final LATEX/imagenes/figuras/9_3.png>] [71 <F:/TFG/documento final LATEX/imagen
es/figuras/9_4.png>])
("F:\TFG\documento final LATEX\capitulos/10_CasoDeEstudio.tex" [72]
Cap\'{\i }tulo 10.
<imagenes/casoEstudio/10_1.png, id=1110, 520.94624pt x 462.22687pt>
File: imagenes/casoEstudio/10_1.png Graphic file (type png)

<use imagenes/casoEstudio/10_1.png>
Package pdftex.def Info: imagenes/casoEstudio/10_1.png used on input line 13.
(pdftex.def)             Requested size: 251.9989pt x 223.59436pt.

<imagenes/casoEstudio/10_2.png, id=1111, 383.18156pt x 305.64188pt>
File: imagenes/casoEstudio/10_2.png Graphic file (type png)

<use imagenes/casoEstudio/10_2.png>
Package pdftex.def Info: imagenes/casoEstudio/10_2.png used on input line 19.
(pdftex.def)             Requested size: 251.9989pt x 201.00603pt.
 [73

 <F:/TFG/documento final LATEX/imagenes/casoEstudio/10_1.png>]
<imagenes/casoEstudio/10_3.png, id=1116, 365.86688pt x 295.1025pt>
File: imagenes/casoEstudio/10_3.png Graphic file (type png)

<use imagenes/casoEstudio/10_3.png>
Package pdftex.def Info: imagenes/casoEstudio/10_3.png used on input line 29.
(pdftex.def)             Requested size: 251.9989pt x 203.2607pt.
 [74 <F:/TFG/documento final LATEX/imagenes/casoEstudio/10_2.png> <F:/TFG/docum
ento final LATEX/imagenes/casoEstudio/10_3.png>] <imagenes/casoEstudio/10_4.png
, id=1121, 361.35pt x 288.3272pt>
File: imagenes/casoEstudio/10_4.png Graphic file (type png)

<use imagenes/casoEstudio/10_4.png>
Package pdftex.def Info: imagenes/casoEstudio/10_4.png used on input line 39.
(pdftex.def)             Requested size: 251.9989pt x 201.07533pt.

Underfull \vbox (badness 10000) has occurred while \output is active []

 [75 <F:/TFG/documento final LATEX/imagenes/casoEstudio/10_4.png>]
<imagenes/casoEstudio/10_5.png, id=1126, 399.74344pt x 313.9228pt>
File: imagenes/casoEstudio/10_5.png Graphic file (type png)

<use imagenes/casoEstudio/10_5.png>
Package pdftex.def Info: imagenes/casoEstudio/10_5.png used on input line 81.
(pdftex.def)             Requested size: 251.9989pt x 197.89694pt.

<imagenes/casoEstudio/10_6.png, id=1127, 396.7322pt x 304.13625pt>
File: imagenes/casoEstudio/10_6.png Graphic file (type png)

<use imagenes/casoEstudio/10_6.png>
Package pdftex.def Info: imagenes/casoEstudio/10_6.png used on input line 87.
(pdftex.def)             Requested size: 251.9989pt x 193.1847pt.

Underfull \vbox (badness 10000) has occurred while \output is active []

 [76 <F:/TFG/documento final LATEX/imagenes/casoEstudio/10_5.png>]
Overfull \hbox (41.42741pt too wide) in paragraph at lines 99--116
 [] 
 []

[77 <F:/TFG/documento final LATEX/imagenes/casoEstudio/10_6.png>]
<imagenes/casoEstudio/10_7_1.png, id=1137, 381.67593pt x 315.42844pt>
File: imagenes/casoEstudio/10_7_1.png Graphic file (type png)

<use imagenes/casoEstudio/10_7_1.png>
Package pdftex.def Info: imagenes/casoEstudio/10_7_1.png used on input line 137
.
(pdftex.def)             Requested size: 113.81102pt x 94.0565pt.

<imagenes/casoEstudio/10_7_2.png, id=1138, 379.4175pt x 307.90031pt>
File: imagenes/casoEstudio/10_7_2.png Graphic file (type png)

<use imagenes/casoEstudio/10_7_2.png>
Package pdftex.def Info: imagenes/casoEstudio/10_7_2.png used on input line 138
.
(pdftex.def)             Requested size: 113.81102pt x 92.3567pt.

<imagenes/casoEstudio/10_7_3.png, id=1139, 378.66469pt x 313.17pt>
File: imagenes/casoEstudio/10_7_3.png Graphic file (type png)

<use imagenes/casoEstudio/10_7_3.png>
Package pdftex.def Info: imagenes/casoEstudio/10_7_3.png used on input line 139
.
(pdftex.def)             Requested size: 113.81102pt x 94.12375pt.

<imagenes/casoEstudio/10_7_4.png, id=1140, 376.40625pt x 303.38344pt>
File: imagenes/casoEstudio/10_7_4.png Graphic file (type png)

<use imagenes/casoEstudio/10_7_4.png>
Package pdftex.def Info: imagenes/casoEstudio/10_7_4.png used on input line 140
.
(pdftex.def)             Requested size: 113.81102pt x 91.73326pt.

<imagenes/casoEstudio/10_7_5.png, id=1141, 381.67593pt x 307.90031pt>
File: imagenes/casoEstudio/10_7_5.png Graphic file (type png)

<use imagenes/casoEstudio/10_7_5.png>
Package pdftex.def Info: imagenes/casoEstudio/10_7_5.png used on input line 141
.
(pdftex.def)             Requested size: 113.81102pt x 91.81172pt.

<imagenes/casoEstudio/10_7_6.png, id=1142, 382.42876pt x 309.40594pt>
File: imagenes/casoEstudio/10_7_6.png Graphic file (type png)

<use imagenes/casoEstudio/10_7_6.png>
Package pdftex.def Info: imagenes/casoEstudio/10_7_6.png used on input line 142
.
(pdftex.def)             Requested size: 113.81102pt x 92.07655pt.

<imagenes/casoEstudio/10_7_7.png, id=1143, 379.4175pt x 304.88907pt>
File: imagenes/casoEstudio/10_7_7.png Graphic file (type png)

<use imagenes/casoEstudio/10_7_7.png>
Package pdftex.def Info: imagenes/casoEstudio/10_7_7.png used on input line 143
.
(pdftex.def)             Requested size: 113.81102pt x 91.45346pt.

<imagenes/casoEstudio/10_7_8.png, id=1144, 383.18156pt x 309.40594pt>
File: imagenes/casoEstudio/10_7_8.png Graphic file (type png)

<use imagenes/casoEstudio/10_7_8.png>
Package pdftex.def Info: imagenes/casoEstudio/10_7_8.png used on input line 144
.
(pdftex.def)             Requested size: 113.81102pt x 91.89714pt.

<imagenes/casoEstudio/10_7_9.png, id=1145, 371.88937pt x 307.90031pt>
File: imagenes/casoEstudio/10_7_9.png Graphic file (type png)

<use imagenes/casoEstudio/10_7_9.png>
Package pdftex.def Info: imagenes/casoEstudio/10_7_9.png used on input line 145
.
(pdftex.def)             Requested size: 113.81102pt x 94.22658pt.

<imagenes/casoEstudio/10_8_1.png, id=1146, 393.72093pt x 302.63063pt>
File: imagenes/casoEstudio/10_8_1.png Graphic file (type png)

<use imagenes/casoEstudio/10_8_1.png>
Package pdftex.def Info: imagenes/casoEstudio/10_8_1.png used on input line 155
.
(pdftex.def)             Requested size: 170.71652pt x 131.21841pt.

<imagenes/casoEstudio/10_8_2.png, id=1147, 395.22656pt x 310.91156pt>
File: imagenes/casoEstudio/10_8_2.png Graphic file (type png)

<use imagenes/casoEstudio/10_8_2.png>
Package pdftex.def Info: imagenes/casoEstudio/10_8_2.png used on input line 156
.
(pdftex.def)             Requested size: 170.71652pt x 134.2966pt.

<imagenes/casoEstudio/10_8_3.png, id=1148, 392.96812pt x 301.8778pt>
File: imagenes/casoEstudio/10_8_3.png Graphic file (type png)

<use imagenes/casoEstudio/10_8_3.png>
Package pdftex.def Info: imagenes/casoEstudio/10_8_3.png used on input line 157
.
(pdftex.def)             Requested size: 170.71652pt x 131.14534pt.

<imagenes/casoEstudio/10_8_4.png, id=1149, 396.7322pt x 298.86656pt>
File: imagenes/casoEstudio/10_8_4.png Graphic file (type png)

<use imagenes/casoEstudio/10_8_4.png>
Package pdftex.def Info: imagenes/casoEstudio/10_8_4.png used on input line 158
.
(pdftex.def)             Requested size: 170.71652pt x 128.60587pt.

Overfull \hbox (30.47742pt too wide) in paragraph at lines 166--181
 [] 
 []

) ("F:\TFG\documento final LATEX\capitulos/11_Conclusiones.tex" [78] [79 <F:/TF
G/documento final LATEX/imagenes/casoEstudio/10_7_1.png> <F:/TFG/documento fina
l LATEX/imagenes/casoEstudio/10_7_2.png> <F:/TFG/documento final LATEX/imagenes
/casoEstudio/10_7_3.png> <F:/TFG/documento final LATEX/imagenes/casoEstudio/10_
7_4.png> <F:/TFG/documento final LATEX/imagenes/casoEstudio/10_7_5.png> <F:/TFG
/documento final LATEX/imagenes/casoEstudio/10_7_6.png> <F:/TFG/documento final
 LATEX/imagenes/casoEstudio/10_7_7.png> <F:/TFG/documento final LATEX/imagenes/
casoEstudio/10_7_8.png> <F:/TFG/documento final LATEX/imagenes/casoEstudio/10_7
_9.png>] [80 <F:/TFG/documento final LATEX/imagenes/casoEstudio/10_8_1.png> <F:
/TFG/documento final LATEX/imagenes/casoEstudio/10_8_2.png> <F:/TFG/documento f
inal LATEX/imagenes/casoEstudio/10_8_3.png> <F:/TFG/documento final LATEX/image
nes/casoEstudio/10_8_4.png>] [81] [82

]
Cap\'{\i }tulo 11.
[83] [84]) [85] [86

]
("F:\TFG\documento final LATEX\bibliografia/bibliografia.tex"

Package hyperref Warning: Difference (2) between bookmark levels is greater 
(hyperref)                than one, level fixed on input line 3.


Underfull \hbox (badness 10000) in paragraph at lines 12--13
\OT1/cmr/m/n/10.95 2011.[]$\OT1/cmtt/m/n/10.95 http : / / cybertesis . unmsm . 
edu . pe / bitstream / cybertesis /$
 []


Underfull \hbox (badness 10000) in paragraph at lines 30--31
[][]$\OT1/cmtt/m/n/10.95 http : / / jorge-[]seguinfo . blogspot . com . es / p 
/$
 []

[87]
Underfull \hbox (badness 10000) in paragraph at lines 31--32
[][]$\OT1/cmtt/m/n/10.95 http : / / www . erroreshistoricos . com / curiosidade
s-[]historicas /$
 []


Overfull \hbox (116.906pt too wide) in paragraph at lines 31--32
$\OT1/cmtt/m/n/10.95 la-[]primera-[]vez-[]en-[]la-[]historia / 1363-[]el-[]prim
er-[]virus-[]informatico-[]de-[]la-[]historia .$
 []

) ("F:\TFG\documento final LATEX\apendices/manualUsuario.tex" [88]
Ap\'{e}ndice A.
<imagenes/figuras/MU-1.png, id=1231, 519.44063pt x 462.97969pt>
File: imagenes/figuras/MU-1.png Graphic file (type png)

<use imagenes/figuras/MU-1.png>
Package pdftex.def Info: imagenes/figuras/MU-1.png used on input line 14.
(pdftex.def)             Requested size: 288.0011pt x 256.69537pt.

<imagenes/figuras/MU-2.png, id=1232, 707.64375pt x 375.65344pt>
File: imagenes/figuras/MU-2.png Graphic file (type png)

<use imagenes/figuras/MU-2.png>
Package pdftex.def Info: imagenes/figuras/MU-2.png used on input line 24.
(pdftex.def)             Requested size: 288.0011pt x 152.88396pt.

<imagenes/figuras/MU-3.png, id=1233, 520.19344pt x 459.21562pt>
File: imagenes/figuras/MU-3.png Graphic file (type png)

<use imagenes/figuras/MU-3.png>
Package pdftex.def Info: imagenes/figuras/MU-3.png used on input line 46.
(pdftex.def)             Requested size: 288.0011pt x 254.23705pt.
 [89

] [90 <F:/TFG/documento final LATEX/imagenes/figuras/MU-1.png> <F:/TFG/document
o final LATEX/imagenes/figuras/MU-2.png>]
<imagenes/figuras/MU-4.png, id=1244, 420.06938pt x 352.31625pt>
File: imagenes/figuras/MU-4.png Graphic file (type png)

<use imagenes/figuras/MU-4.png>
Package pdftex.def Info: imagenes/figuras/MU-4.png used on input line 64.
(pdftex.def)             Requested size: 288.0011pt x 241.5502pt.

<imagenes/figuras/MU-5.png, id=1245, 423.83344pt x 356.83313pt>
File: imagenes/figuras/MU-5.png Graphic file (type png)

<use imagenes/figuras/MU-5.png>
Package pdftex.def Info: imagenes/figuras/MU-5.png used on input line 70.
(pdftex.def)             Requested size: 288.0011pt x 242.47997pt.
 [91 <F:/TFG/documento final LATEX/imagenes/figuras/MU-3.png>] [92 <F:/TFG/docu
mento final LATEX/imagenes/figuras/MU-4.png> <F:/TFG/documento final LATEX/imag
enes/figuras/MU-5.png>]
<imagenes/figuras/MU-6.png, id=1254, 383.93437pt x 307.90031pt>
File: imagenes/figuras/MU-6.png Graphic file (type png)

<use imagenes/figuras/MU-6.png>
Package pdftex.def Info: imagenes/figuras/MU-6.png used on input line 84.
(pdftex.def)             Requested size: 288.0011pt x 230.98103pt.

<imagenes/figuras/MU-7.png, id=1255, 397.485pt x 305.64188pt>
File: imagenes/figuras/MU-7.png Graphic file (type png)

<use imagenes/figuras/MU-7.png>
Package pdftex.def Info: imagenes/figuras/MU-7.png used on input line 90.
(pdftex.def)             Requested size: 288.0011pt x 221.46107pt.

Underfull \vbox (badness 10000) has occurred while \output is active []

 [93 <F:/TFG/documento final LATEX/imagenes/figuras/MU-6.png> <F:/TFG/documento
 final LATEX/imagenes/figuras/MU-7.png>]
<imagenes/figuras/MU-8.png, id=1260, 189.70876pt x 70.76437pt>
File: imagenes/figuras/MU-8.png Graphic file (type png)

<use imagenes/figuras/MU-8.png>
Package pdftex.def Info: imagenes/figuras/MU-8.png used on input line 108.
(pdftex.def)             Requested size: 288.0011pt x 107.43985pt.

<imagenes/figuras/MU-9.png, id=1261, 206.27063pt x 75.28125pt>
File: imagenes/figuras/MU-9.png Graphic file (type png)

<use imagenes/figuras/MU-9.png>
Package pdftex.def Info: imagenes/figuras/MU-9.png used on input line 117.
(pdftex.def)             Requested size: 288.0011pt x 105.11961pt.

<imagenes/figuras/MU-10.png, id=1262, 193.47281pt x 69.25874pt>
File: imagenes/figuras/MU-10.png Graphic file (type png)

<use imagenes/figuras/MU-10.png>
Package pdftex.def Info: imagenes/figuras/MU-10.png used on input line 126.
(pdftex.def)             Requested size: 288.0011pt x 103.09946pt.
 [94 <F:/TFG/documento final LATEX/imagenes/figuras/MU-8.png> <F:/TFG/documento
 final LATEX/imagenes/figuras/MU-9.png>]
<imagenes/figuras/MU-11.png, id=1267, 629.35126pt x 54.9553pt>
File: imagenes/figuras/MU-11.png Graphic file (type png)

<use imagenes/figuras/MU-11.png>
Package pdftex.def Info: imagenes/figuras/MU-11.png used on input line 137.
(pdftex.def)             Requested size: 288.0011pt x 25.14809pt.

<imagenes/figuras/MU-12.png, id=1268, 353.82187pt x 111.41624pt>
File: imagenes/figuras/MU-12.png Graphic file (type png)

<use imagenes/figuras/MU-12.png>
Package pdftex.def Info: imagenes/figuras/MU-12.png used on input line 145.
(pdftex.def)             Requested size: 288.0011pt x 90.69037pt.
) [95 <F:/TFG/documento final LATEX/imagenes/figuras/MU-10.png> <F:/TFG/documen
to final LATEX/imagenes/figuras/MU-11.png> <F:/TFG/documento final LATEX/imagen
es/figuras/MU-12.png>] [96

]
Package atveryend Info: Empty hook `BeforeClearDocument' on input line 199.
 [97]
Package atveryend Info: Empty hook `AfterLastShipout' on input line 199.

("F:\TFG\documento final LATEX\proyecto.aux")
Package atveryend Info: Executing hook `AtVeryEndDocument' on input line 199.
Package atveryend Info: Executing hook `AtEndAfterFileList' on input line 199.
Package rerunfilecheck Info: File `proyecto.out' has not changed.
(rerunfilecheck)             Checksum: 7D4A52992862CC006F21C946FDF628F1;6168.


LaTeX Font Warning: Some font shapes were not available, defaults substituted.

Package atveryend Info: Empty hook `AtVeryVeryEnd' on input line 199.
 ) 
Here is how much of TeX's memory you used:
 10516 strings out of 493921
 152031 string characters out of 3154506
 241196 words of memory out of 3000000
 13168 multiletter control sequences out of 15000+200000
 13101 words of font info for 48 fonts, out of 3000000 for 9000
 841 hyphenation exceptions out of 8191
 34i,18n,43p,1059b,645s stack positions out of 5000i,500n,10000p,200000b,50000s
<E:/MiKTeX/fonts/type1/public/amsfonts/cm/cmbx10.pfb><E:/MiKTeX/fonts/type1/p
ublic/amsfonts/cm/cmbx12.pfb><E:/MiKTeX/fonts/type1/public/amsfonts/cm/cmbx8.pf
b><E:/MiKTeX/fonts/type1/public/amsfonts/cm/cmbxti10.pfb><E:/MiKTeX/fonts/type1
/public/amsfonts/cm/cmcsc10.pfb><E:/MiKTeX/fonts/type1/public/amsfonts/cm/cmex1
0.pfb><E:/MiKTeX/fonts/type1/public/amsfonts/cm/cmmi10.pfb><E:/MiKTeX/fonts/typ
e1/public/amsfonts/cm/cmmi8.pfb><E:/MiKTeX/fonts/type1/public/amsfonts/cm/cmr10
.pfb><E:/MiKTeX/fonts/type1/public/amsfonts/cm/cmr6.pfb><E:/MiKTeX/fonts/type1/
public/amsfonts/cm/cmr8.pfb><E:/MiKTeX/fonts/type1/public/amsfonts/cm/cmr9.pfb>
<E:/MiKTeX/fonts/type1/public/amsfonts/cm/cmsy10.pfb><E:/MiKTeX/fonts/type1/pub
lic/amsfonts/cm/cmsy8.pfb><E:/MiKTeX/fonts/type1/public/amsfonts/cm/cmti10.pfb>
<E:/MiKTeX/fonts/type1/public/amsfonts/cm/cmtt10.pfb>
Output written on proyecto.pdf (117 pages, 1736587 bytes).
PDF statistics:
 1405 PDF objects out of 1440 (max. 8388607)
 319 named destinations out of 1000 (max. 500000)
 1168 words of extra memory for PDF output out of 10000 (max. 10000000)

